\BOOKMARK [0][-]{chapter*.2}{Lista de Figuras}{}% 1
\BOOKMARK [0][-]{chapter*.3}{Lista de Tabelas}{}% 2
\BOOKMARK [0][-]{chapter*.4}{Resumo}{}% 3
\BOOKMARK [0][-]{chapter*.5}{Abstract}{}% 4
\BOOKMARK [0][-]{chapter.1}{Introdu\347\343o}{}% 5
\BOOKMARK [1][-]{section.1.1}{Metodologia}{chapter.1}% 6
\BOOKMARK [1][-]{section.1.2}{Objetivo}{chapter.1}% 7
\BOOKMARK [1][-]{section.1.3}{Organiza\347\343o}{chapter.1}% 8
\BOOKMARK [0][-]{chapter.2}{Detec\347\343o de eventos}{}% 9
\BOOKMARK [1][-]{subsection.2.0.1}{Eventos e Sistemas}{chapter.2}% 10
\BOOKMARK [1][-]{section.2.1}{Sensores}{chapter.2}% 11
\BOOKMARK [2][-]{subsection.2.1.1}{Detec\347\343o de eventos em documentos de texto}{section.2.1}% 12
\BOOKMARK [1][-]{section.2.2}{Servi\347os de redes sociais e sensores sociais}{chapter.2}% 13
\BOOKMARK [1][-]{section.2.3}{M\351todos de detec\347\343o de eventos}{chapter.2}% 14
\BOOKMARK [2][-]{subsection.2.3.1}{M\351todos estat\355sticos}{section.2.3}% 15
\BOOKMARK [2][-]{subsection.2.3.2}{M\351todos probabil\355sticos}{section.2.3}% 16
\BOOKMARK [2][-]{subsection.2.3.3}{M\351todos de aprendizado de m\341quina}{section.2.3}% 17
\BOOKMARK [1][-]{section.2.4}{Classifica\347\343o de texto}{chapter.2}% 18
\BOOKMARK [1][-]{section.2.5}{Trabalhos Relacionados}{chapter.2}% 19
\BOOKMARK [1][-]{section.2.6}{Discuss\343o das t\351cnicas}{chapter.2}% 20
\BOOKMARK [0][-]{chapter.3}{Detec\347\343o de eventos atrav\351s do Twitter}{}% 21
\BOOKMARK [1][-]{section.3.1}{Publica\347\365es como fonte de dados}{chapter.3}% 22
\BOOKMARK [1][-]{section.3.2}{Interfaces para obten\347\343o dos dados}{chapter.3}% 23
\BOOKMARK [1][-]{section.3.3}{Obten\347\343o dos dados}{chapter.3}% 24
\BOOKMARK [1][-]{section.3.4}{Modelo de espa\347o vetorial}{chapter.3}% 25
\BOOKMARK [2][-]{subsection.3.4.1}{Tokeniza\347\343o}{section.3.4}% 26
\BOOKMARK [2][-]{subsection.3.4.2}{Pr\351-processamento}{section.3.4}% 27
\BOOKMARK [2][-]{subsection.3.4.3}{Cria\347\343o do dicion\341rio de termos}{section.3.4}% 28
\BOOKMARK [2][-]{subsection.3.4.4}{Cria\347\343o do vetor de caracter\355sticas}{section.3.4}% 29
\BOOKMARK [1][-]{section.3.5}{Extra\347\343o dos dados}{chapter.3}% 30
\BOOKMARK [0][-]{chapter.4}{M\341quina de aprendizado}{}% 31
\BOOKMARK [1][-]{section.4.1}{M\341quina de vetores de suporte \(SVM\)}{chapter.4}% 32
\BOOKMARK [2][-]{subsection.4.1.1}{Problema de otimiza\347\343o}{section.4.1}% 33
\BOOKMARK [1][-]{section.4.2}{Representa\347\343o do conhecimento}{chapter.4}% 34
\BOOKMARK [2][-]{subsection.4.2.1}{Treinamento}{section.4.2}% 35
\BOOKMARK [2][-]{subsection.4.2.2}{Teste}{section.4.2}% 36
\BOOKMARK [0][-]{chapter.5}{Modelo implementado e resultados}{}% 37
\BOOKMARK [1][-]{section.5.1}{Obten\347\343o de publica\347\365es via Search API}{chapter.5}% 38
\BOOKMARK [1][-]{section.5.2}{Convers\343o para o modelo de espa\347o vetorial}{chapter.5}% 39
\BOOKMARK [1][-]{section.5.3}{Classifica\347\343o com SVM}{chapter.5}% 40
\BOOKMARK [1][-]{section.5.4}{Resultados}{chapter.5}% 41
\BOOKMARK [2][-]{subsection.5.4.1}{An\341lise visual e ambiente}{section.5.4}% 42
\BOOKMARK [0][-]{chapter.6}{Conclus\343o}{}% 43
\BOOKMARK [1][-]{section.6.1}{Dificuldades}{chapter.6}% 44
\BOOKMARK [1][-]{section.6.2}{Trabalhos futuros}{chapter.6}% 45
\BOOKMARK [0][-]{appendix.A}{Ap\352ndice A \205 C\363digo do modelo}{}% 46
\BOOKMARK [1][-]{section.A.1}{Classificador}{appendix.A}% 47
\BOOKMARK [1][-]{section.A.2}{Publica\347\343o}{appendix.A}% 48
\BOOKMARK [1][-]{section.A.3}{Treinador}{appendix.A}% 49
\BOOKMARK [1][-]{section.A.4}{Twitter}{appendix.A}% 50
\BOOKMARK [1][-]{section.A.5}{String}{appendix.A}% 51
\BOOKMARK [1][-]{section.A.6}{Modelo}{appendix.A}% 52
\BOOKMARK [0][-]{lstnumber.-26.8}{Refer\352ncias}{}% 53
