This is pdfTeX, Version 3.1415926-2.4-1.40.13 (TeX Live 2012) (format=pdflatex 2012.7.31)  16 OCT 2014 16:18
entering extended mode
 \write18 enabled.
 file:line:error style messages enabled.
 %&-line parsing enabled.
**monografia.tex
(./monografia.tex
LaTeX2e <2011/06/27>
Babel <v3.8m> and hyphenation patterns for english, dumylang, nohyphenation, ge
rman-x-2012-05-30, ngerman-x-2012-05-30, afrikaans, ancientgreek, ibycus, arabi
c, armenian, basque, bulgarian, catalan, pinyin, coptic, croatian, czech, danis
h, dutch, ukenglish, usenglishmax, esperanto, estonian, ethiopic, farsi, finnis
h, french, friulan, galician, german, ngerman, swissgerman, monogreek, greek, h
ungarian, icelandic, assamese, bengali, gujarati, hindi, kannada, malayalam, ma
rathi, oriya, panjabi, tamil, telugu, indonesian, interlingua, irish, italian, 
kurmanji, latin, latvian, lithuanian, mongolian, mongolianlmc, bokmal, nynorsk,
 polish, portuguese, romanian, romansh, russian, sanskrit, serbian, serbianc, s
lovak, slovenian, spanish, swedish, turkish, turkmen, ukrainian, uppersorbian, 
welsh, loaded.
(/usr/local/texlive/2012/texmf/tex/latex/abntex/abnt.cls
(/usr/local/texlive/2012/texmf/tex/latex/abntex/cvs-id.def)
Document Class: abnt 2004/11/02 v1.27.2.1 Classe abnt (NBR6024, NBR6027, NBR602
8, NBR14724)
(/usr/local/texlive/2012/texmf-dist/tex/latex/base/ifthen.sty
Package: ifthen 2001/05/26 v1.1c Standard LaTeX ifthen package (DPC)
)
(/usr/local/texlive/2012/texmf-dist/tex/latex/tools/calc.sty
Package: calc 2007/08/22 v4.3 Infix arithmetic (KKT,FJ)
\calc@Acount=\count79
\calc@Bcount=\count80
\calc@Adimen=\dimen102
\calc@Bdimen=\dimen103
\calc@Askip=\skip41
\calc@Bskip=\skip42
LaTeX Info: Redefining \setlength on input line 76.
LaTeX Info: Redefining \addtolength on input line 77.
\calc@Ccount=\count81
\calc@Cskip=\skip43
)
(/usr/local/texlive/2012/texmf-dist/tex/latex/tools/multicol.sty
Package: multicol 2011/06/27 v1.7a multicolumn formatting (FMi)
\c@tracingmulticols=\count82
\mult@box=\box26
\multicol@leftmargin=\dimen104
\c@unbalance=\count83
\c@collectmore=\count84
\doublecol@number=\count85
\multicoltolerance=\count86
\multicolpretolerance=\count87
\full@width=\dimen105
\page@free=\dimen106
\premulticols=\dimen107
\postmulticols=\dimen108
\multicolsep=\skip44
\multicolbaselineskip=\skip45
\partial@page=\box27
\last@line=\box28
\mult@rightbox=\box29
\mult@grightbox=\box30
\mult@gfirstbox=\box31
\mult@firstbox=\box32
\@tempa=\box33
\@tempa=\box34
\@tempa=\box35
\@tempa=\box36
\@tempa=\box37
\@tempa=\box38
\@tempa=\box39
\@tempa=\box40
\@tempa=\box41
\@tempa=\box42
\@tempa=\box43
\@tempa=\box44
\@tempa=\box45
\@tempa=\box46
\@tempa=\box47
\@tempa=\box48
\@tempa=\box49
\c@columnbadness=\count88
\c@finalcolumnbadness=\count89
\last@try=\dimen109
\multicolovershoot=\dimen110
\multicolundershoot=\dimen111
\mult@nat@firstbox=\box50
\colbreak@box=\box51
\multicol@sort@counter=\count90
)
(/usr/local/texlive/2012/texmf-dist/tex/latex/base/report.cls
Document Class: report 2007/10/19 v1.4h Standard LaTeX document class
(/usr/local/texlive/2012/texmf-dist/tex/latex/base/size12.clo
File: size12.clo 2007/10/19 v1.4h Standard LaTeX file (size option)
)
\c@part=\count91
\c@chapter=\count92
\c@section=\count93
\c@subsection=\count94
\c@subsubsection=\count95
\c@paragraph=\count96
\c@subparagraph=\count97
\c@figure=\count98
\c@table=\count99
\abovecaptionskip=\skip46
\belowcaptionskip=\skip47
\bibindent=\dimen112
)
(/usr/local/texlive/2012/texmf-dist/tex/latex/setspace/setspace.sty
Package: setspace 2011/12/19 v6.7a set line spacing
)
\ABNTanapindent=\skip48
\ABNTsignwidth=\skip49
\ABNTsignthickness=\skip50
\ABNTsignskip=\skip51
)
(/usr/local/texlive/2012/texmf-dist/tex/latex/base/inputenc.sty
Package: inputenc 2008/03/30 v1.1d Input encoding file
\inpenc@prehook=\toks14
\inpenc@posthook=\toks15

(/usr/local/texlive/2012/texmf-dist/tex/latex/base/utf8.def
File: utf8.def 2008/04/05 v1.1m UTF-8 support for inputenc
Now handling font encoding OML ...
... no UTF-8 mapping file for font encoding OML
Now handling font encoding T1 ...
... processing UTF-8 mapping file for font encoding T1

(/usr/local/texlive/2012/texmf-dist/tex/latex/base/t1enc.dfu
File: t1enc.dfu 2008/04/05 v1.1m UTF-8 support for inputenc
   defining Unicode char U+00A1 (decimal 161)
   defining Unicode char U+00A3 (decimal 163)
   defining Unicode char U+00AB (decimal 171)
   defining Unicode char U+00BB (decimal 187)
   defining Unicode char U+00BF (decimal 191)
   defining Unicode char U+00C0 (decimal 192)
   defining Unicode char U+00C1 (decimal 193)
   defining Unicode char U+00C2 (decimal 194)
   defining Unicode char U+00C3 (decimal 195)
   defining Unicode char U+00C4 (decimal 196)
   defining Unicode char U+00C5 (decimal 197)
   defining Unicode char U+00C6 (decimal 198)
   defining Unicode char U+00C7 (decimal 199)
   defining Unicode char U+00C8 (decimal 200)
   defining Unicode char U+00C9 (decimal 201)
   defining Unicode char U+00CA (decimal 202)
   defining Unicode char U+00CB (decimal 203)
   defining Unicode char U+00CC (decimal 204)
   defining Unicode char U+00CD (decimal 205)
   defining Unicode char U+00CE (decimal 206)
   defining Unicode char U+00CF (decimal 207)
   defining Unicode char U+00D0 (decimal 208)
   defining Unicode char U+00D1 (decimal 209)
   defining Unicode char U+00D2 (decimal 210)
   defining Unicode char U+00D3 (decimal 211)
   defining Unicode char U+00D4 (decimal 212)
   defining Unicode char U+00D5 (decimal 213)
   defining Unicode char U+00D6 (decimal 214)
   defining Unicode char U+00D8 (decimal 216)
   defining Unicode char U+00D9 (decimal 217)
   defining Unicode char U+00DA (decimal 218)
   defining Unicode char U+00DB (decimal 219)
   defining Unicode char U+00DC (decimal 220)
   defining Unicode char U+00DD (decimal 221)
   defining Unicode char U+00DE (decimal 222)
   defining Unicode char U+00DF (decimal 223)
   defining Unicode char U+00E0 (decimal 224)
   defining Unicode char U+00E1 (decimal 225)
   defining Unicode char U+00E2 (decimal 226)
   defining Unicode char U+00E3 (decimal 227)
   defining Unicode char U+00E4 (decimal 228)
   defining Unicode char U+00E5 (decimal 229)
   defining Unicode char U+00E6 (decimal 230)
   defining Unicode char U+00E7 (decimal 231)
   defining Unicode char U+00E8 (decimal 232)
   defining Unicode char U+00E9 (decimal 233)
   defining Unicode char U+00EA (decimal 234)
   defining Unicode char U+00EB (decimal 235)
   defining Unicode char U+00EC (decimal 236)
   defining Unicode char U+00ED (decimal 237)
   defining Unicode char U+00EE (decimal 238)
   defining Unicode char U+00EF (decimal 239)
   defining Unicode char U+00F0 (decimal 240)
   defining Unicode char U+00F1 (decimal 241)
   defining Unicode char U+00F2 (decimal 242)
   defining Unicode char U+00F3 (decimal 243)
   defining Unicode char U+00F4 (decimal 244)
   defining Unicode char U+00F5 (decimal 245)
   defining Unicode char U+00F6 (decimal 246)
   defining Unicode char U+00F8 (decimal 248)
   defining Unicode char U+00F9 (decimal 249)
   defining Unicode char U+00FA (decimal 250)
   defining Unicode char U+00FB (decimal 251)
   defining Unicode char U+00FC (decimal 252)
   defining Unicode char U+00FD (decimal 253)
   defining Unicode char U+00FE (decimal 254)
   defining Unicode char U+00FF (decimal 255)
   defining Unicode char U+0102 (decimal 258)
   defining Unicode char U+0103 (decimal 259)
   defining Unicode char U+0104 (decimal 260)
   defining Unicode char U+0105 (decimal 261)
   defining Unicode char U+0106 (decimal 262)
   defining Unicode char U+0107 (decimal 263)
   defining Unicode char U+010C (decimal 268)
   defining Unicode char U+010D (decimal 269)
   defining Unicode char U+010E (decimal 270)
   defining Unicode char U+010F (decimal 271)
   defining Unicode char U+0110 (decimal 272)
   defining Unicode char U+0111 (decimal 273)
   defining Unicode char U+0118 (decimal 280)
   defining Unicode char U+0119 (decimal 281)
   defining Unicode char U+011A (decimal 282)
   defining Unicode char U+011B (decimal 283)
   defining Unicode char U+011E (decimal 286)
   defining Unicode char U+011F (decimal 287)
   defining Unicode char U+0130 (decimal 304)
   defining Unicode char U+0131 (decimal 305)
   defining Unicode char U+0132 (decimal 306)
   defining Unicode char U+0133 (decimal 307)
   defining Unicode char U+0139 (decimal 313)
   defining Unicode char U+013A (decimal 314)
   defining Unicode char U+013D (decimal 317)
   defining Unicode char U+013E (decimal 318)
   defining Unicode char U+0141 (decimal 321)
   defining Unicode char U+0142 (decimal 322)
   defining Unicode char U+0143 (decimal 323)
   defining Unicode char U+0144 (decimal 324)
   defining Unicode char U+0147 (decimal 327)
   defining Unicode char U+0148 (decimal 328)
   defining Unicode char U+014A (decimal 330)
   defining Unicode char U+014B (decimal 331)
   defining Unicode char U+0150 (decimal 336)
   defining Unicode char U+0151 (decimal 337)
   defining Unicode char U+0152 (decimal 338)
   defining Unicode char U+0153 (decimal 339)
   defining Unicode char U+0154 (decimal 340)
   defining Unicode char U+0155 (decimal 341)
   defining Unicode char U+0158 (decimal 344)
   defining Unicode char U+0159 (decimal 345)
   defining Unicode char U+015A (decimal 346)
   defining Unicode char U+015B (decimal 347)
   defining Unicode char U+015E (decimal 350)
   defining Unicode char U+015F (decimal 351)
   defining Unicode char U+0160 (decimal 352)
   defining Unicode char U+0161 (decimal 353)
   defining Unicode char U+0162 (decimal 354)
   defining Unicode char U+0163 (decimal 355)
   defining Unicode char U+0164 (decimal 356)
   defining Unicode char U+0165 (decimal 357)
   defining Unicode char U+016E (decimal 366)
   defining Unicode char U+016F (decimal 367)
   defining Unicode char U+0170 (decimal 368)
   defining Unicode char U+0171 (decimal 369)
   defining Unicode char U+0178 (decimal 376)
   defining Unicode char U+0179 (decimal 377)
   defining Unicode char U+017A (decimal 378)
   defining Unicode char U+017B (decimal 379)
   defining Unicode char U+017C (decimal 380)
   defining Unicode char U+017D (decimal 381)
   defining Unicode char U+017E (decimal 382)
   defining Unicode char U+200C (decimal 8204)
   defining Unicode char U+2013 (decimal 8211)
   defining Unicode char U+2014 (decimal 8212)
   defining Unicode char U+2018 (decimal 8216)
   defining Unicode char U+2019 (decimal 8217)
   defining Unicode char U+201A (decimal 8218)
   defining Unicode char U+201C (decimal 8220)
   defining Unicode char U+201D (decimal 8221)
   defining Unicode char U+201E (decimal 8222)
   defining Unicode char U+2030 (decimal 8240)
   defining Unicode char U+2031 (decimal 8241)
   defining Unicode char U+2039 (decimal 8249)
   defining Unicode char U+203A (decimal 8250)
   defining Unicode char U+2423 (decimal 9251)
)
Now handling font encoding OT1 ...
... processing UTF-8 mapping file for font encoding OT1

(/usr/local/texlive/2012/texmf-dist/tex/latex/base/ot1enc.dfu
File: ot1enc.dfu 2008/04/05 v1.1m UTF-8 support for inputenc
   defining Unicode char U+00A1 (decimal 161)
   defining Unicode char U+00A3 (decimal 163)
   defining Unicode char U+00B8 (decimal 184)
   defining Unicode char U+00BF (decimal 191)
   defining Unicode char U+00C5 (decimal 197)
   defining Unicode char U+00C6 (decimal 198)
   defining Unicode char U+00D8 (decimal 216)
   defining Unicode char U+00DF (decimal 223)
   defining Unicode char U+00E6 (decimal 230)
   defining Unicode char U+00EC (decimal 236)
   defining Unicode char U+00ED (decimal 237)
   defining Unicode char U+00EE (decimal 238)
   defining Unicode char U+00EF (decimal 239)
   defining Unicode char U+00F8 (decimal 248)
   defining Unicode char U+0131 (decimal 305)
   defining Unicode char U+0141 (decimal 321)
   defining Unicode char U+0142 (decimal 322)
   defining Unicode char U+0152 (decimal 338)
   defining Unicode char U+0153 (decimal 339)
   defining Unicode char U+2013 (decimal 8211)
   defining Unicode char U+2014 (decimal 8212)
   defining Unicode char U+2018 (decimal 8216)
   defining Unicode char U+2019 (decimal 8217)
   defining Unicode char U+201C (decimal 8220)
   defining Unicode char U+201D (decimal 8221)
)
Now handling font encoding OMS ...
... processing UTF-8 mapping file for font encoding OMS

(/usr/local/texlive/2012/texmf-dist/tex/latex/base/omsenc.dfu
File: omsenc.dfu 2008/04/05 v1.1m UTF-8 support for inputenc
   defining Unicode char U+00A7 (decimal 167)
   defining Unicode char U+00B6 (decimal 182)
   defining Unicode char U+00B7 (decimal 183)
   defining Unicode char U+2020 (decimal 8224)
   defining Unicode char U+2021 (decimal 8225)
   defining Unicode char U+2022 (decimal 8226)
)
Now handling font encoding OMX ...
... no UTF-8 mapping file for font encoding OMX
Now handling font encoding U ...
... no UTF-8 mapping file for font encoding U
   defining Unicode char U+00A9 (decimal 169)
   defining Unicode char U+00AA (decimal 170)
   defining Unicode char U+00AE (decimal 174)
   defining Unicode char U+00BA (decimal 186)
   defining Unicode char U+02C6 (decimal 710)
   defining Unicode char U+02DC (decimal 732)
   defining Unicode char U+200C (decimal 8204)
   defining Unicode char U+2026 (decimal 8230)
   defining Unicode char U+2122 (decimal 8482)
   defining Unicode char U+2423 (decimal 9251)
))
(/usr/local/texlive/2012/texmf-dist/tex/generic/babel/babel.sty
Package: babel 2008/07/08 v3.8m The Babel package

(/usr/local/texlive/2012/texmf-dist/tex/generic/babel/portuges.ldf
Language: portuges 2008/03/18 v1.2q Portuguese support from the babel system

(/usr/local/texlive/2012/texmf-dist/tex/generic/babel/babel.def
File: babel.def 2008/07/08 v3.8m Babel common definitions
\babel@savecnt=\count100
\U@D=\dimen113
)
\l@brazil = a dialect from \language\l@portuges 
Package babel Info: Making " an active character on input line 145.
))
(/usr/local/texlive/2012/texmf-dist/tex/latex/url/url.sty
\Urlmuskip=\muskip10
Package: url 2006/04/12  ver 3.3  Verb mode for urls, etc.
)
(/usr/local/texlive/2012/texmf-dist/tex/latex/graphics/graphicx.sty
Package: graphicx 1999/02/16 v1.0f Enhanced LaTeX Graphics (DPC,SPQR)

(/usr/local/texlive/2012/texmf-dist/tex/latex/graphics/keyval.sty
Package: keyval 1999/03/16 v1.13 key=value parser (DPC)
\KV@toks@=\toks16
)
(/usr/local/texlive/2012/texmf-dist/tex/latex/graphics/graphics.sty
Package: graphics 2009/02/05 v1.0o Standard LaTeX Graphics (DPC,SPQR)

(/usr/local/texlive/2012/texmf-dist/tex/latex/graphics/trig.sty
Package: trig 1999/03/16 v1.09 sin cos tan (DPC)
)
(/usr/local/texlive/2012/texmf-dist/tex/latex/latexconfig/graphics.cfg
File: graphics.cfg 2010/04/23 v1.9 graphics configuration of TeX Live
)
Package graphics Info: Driver file: pdftex.def on input line 91.

(/usr/local/texlive/2012/texmf-dist/tex/latex/pdftex-def/pdftex.def
File: pdftex.def 2011/05/27 v0.06d Graphics/color for pdfTeX

(/usr/local/texlive/2012/texmf-dist/tex/generic/oberdiek/infwarerr.sty
Package: infwarerr 2010/04/08 v1.3 Providing info/warning/error messages (HO)
)
(/usr/local/texlive/2012/texmf-dist/tex/generic/oberdiek/ltxcmds.sty
Package: ltxcmds 2011/11/09 v1.22 LaTeX kernel commands for general use (HO)
)
\Gread@gobject=\count101
))
\Gin@req@height=\dimen114
\Gin@req@width=\dimen115
)
(/usr/local/texlive/2012/texmf-dist/tex/latex/tools/enumerate.sty
Package: enumerate 1999/03/05 v3.00 enumerate extensions (DPC)
\@enLab=\toks17
)
(/usr/local/texlive/2012/texmf-dist/tex/latex/hyperref/hyperref.sty
Package: hyperref 2012/05/13 v6.82q Hypertext links for LaTeX

(/usr/local/texlive/2012/texmf-dist/tex/generic/oberdiek/hobsub-hyperref.sty
Package: hobsub-hyperref 2012/05/28 v1.13 Bundle oberdiek, subset hyperref (HO)


(/usr/local/texlive/2012/texmf-dist/tex/generic/oberdiek/hobsub-generic.sty
Package: hobsub-generic 2012/05/28 v1.13 Bundle oberdiek, subset generic (HO)
Package: hobsub 2012/05/28 v1.13 Construct package bundles (HO)
Package hobsub Info: Skipping package `infwarerr' (already loaded).
Package hobsub Info: Skipping package `ltxcmds' (already loaded).
Package: ifluatex 2010/03/01 v1.3 Provides the ifluatex switch (HO)
Package ifluatex Info: LuaTeX not detected.
Package: ifvtex 2010/03/01 v1.5 Detect VTeX and its facilities (HO)
Package ifvtex Info: VTeX not detected.
Package: intcalc 2007/09/27 v1.1 Expandable calculations with integers (HO)
Package: ifpdf 2011/01/30 v2.3 Provides the ifpdf switch (HO)
Package ifpdf Info: pdfTeX in PDF mode is detected.
Package: etexcmds 2011/02/16 v1.5 Avoid name clashes with e-TeX commands (HO)
Package etexcmds Info: Could not find \expanded.
(etexcmds)             That can mean that you are not using pdfTeX 1.50 or
(etexcmds)             that some package has redefined \expanded.
(etexcmds)             In the latter case, load this package earlier.
Package: kvsetkeys 2012/04/25 v1.16 Key value parser (HO)
Package: kvdefinekeys 2011/04/07 v1.3 Define keys (HO)
Package: pdftexcmds 2011/11/29 v0.20 Utility functions of pdfTeX for LuaTeX (HO
)
Package pdftexcmds Info: LuaTeX not detected.
Package pdftexcmds Info: \pdf@primitive is available.
Package pdftexcmds Info: \pdf@ifprimitive is available.
Package pdftexcmds Info: \pdfdraftmode found.
Package: pdfescape 2011/11/25 v1.13 Implements pdfTeX's escape features (HO)
Package: bigintcalc 2012/04/08 v1.3 Expandable calculations on big integers (HO
)
Package: bitset 2011/01/30 v1.1 Handle bit-vector datatype (HO)
Package: uniquecounter 2011/01/30 v1.2 Provide unlimited unique counter (HO)
)
Package hobsub Info: Skipping package `hobsub' (already loaded).
Package: letltxmacro 2010/09/02 v1.4 Let assignment for LaTeX macros (HO)
Package: hopatch 2012/05/28 v1.2 Wrapper for package hooks (HO)
Package: xcolor-patch 2011/01/30 xcolor patch
Package: atveryend 2011/06/30 v1.8 Hooks at the very end of document (HO)
Package atveryend Info: \enddocument detected (standard20110627).
Package: atbegshi 2011/10/05 v1.16 At begin shipout hook (HO)
Package: refcount 2011/10/16 v3.4 Data extraction from label references (HO)
Package: hycolor 2011/01/30 v1.7 Color options for hyperref/bookmark (HO)
)
(/usr/local/texlive/2012/texmf-dist/tex/generic/ifxetex/ifxetex.sty
Package: ifxetex 2010/09/12 v0.6 Provides ifxetex conditional
)
(/usr/local/texlive/2012/texmf-dist/tex/latex/oberdiek/kvoptions.sty
Package: kvoptions 2011/06/30 v3.11 Key value format for package options (HO)
)
\@linkdim=\dimen116
\Hy@linkcounter=\count102
\Hy@pagecounter=\count103

(/usr/local/texlive/2012/texmf-dist/tex/latex/hyperref/pd1enc.def
File: pd1enc.def 2012/05/13 v6.82q Hyperref: PDFDocEncoding definition (HO)
Now handling font encoding PD1 ...
... no UTF-8 mapping file for font encoding PD1
)
\Hy@SavedSpaceFactor=\count104

(/usr/local/texlive/2012/texmf-dist/tex/latex/latexconfig/hyperref.cfg
File: hyperref.cfg 2002/06/06 v1.2 hyperref configuration of TeXLive
)
Package hyperref Info: Hyper figures OFF on input line 4062.
Package hyperref Info: Link nesting OFF on input line 4067.
Package hyperref Info: Hyper index ON on input line 4070.
Package hyperref Info: Plain pages OFF on input line 4077.
Package hyperref Info: Backreferencing OFF on input line 4082.
Package hyperref Info: Implicit mode ON; LaTeX internals redefined.
Package hyperref Info: Bookmarks ON on input line 4300.
\c@Hy@tempcnt=\count105
LaTeX Info: Redefining \url on input line 4653.
\Fld@menulength=\count106
\Field@Width=\dimen117
\Fld@charsize=\dimen118
Package hyperref Info: Hyper figures OFF on input line 5773.
Package hyperref Info: Link nesting OFF on input line 5778.
Package hyperref Info: Hyper index ON on input line 5781.
Package hyperref Info: backreferencing OFF on input line 5788.
Package hyperref Info: Link coloring OFF on input line 5793.
Package hyperref Info: Link coloring with OCG OFF on input line 5798.
Package hyperref Info: PDF/A mode OFF on input line 5803.
LaTeX Info: Redefining \ref on input line 5843.
LaTeX Info: Redefining \pageref on input line 5847.
\Hy@abspage=\count107
\c@Item=\count108
\c@Hfootnote=\count109
)

Package hyperref Message: Driver (autodetected): hpdftex.

(/usr/local/texlive/2012/texmf-dist/tex/latex/hyperref/hpdftex.def
File: hpdftex.def 2012/05/13 v6.82q Hyperref driver for pdfTeX
\Fld@listcount=\count110
\c@bookmark@seq@number=\count111

(/usr/local/texlive/2012/texmf-dist/tex/latex/oberdiek/rerunfilecheck.sty
Package: rerunfilecheck 2011/04/15 v1.7 Rerun checks for auxiliary files (HO)
Package uniquecounter Info: New unique counter `rerunfilecheck' on input line 2
82.
)
\Hy@SectionHShift=\skip52
)
(/usr/local/texlive/2012/texmf/tex/latex/abntex/abntcite.sty
(/usr/local/texlive/2012/texmf/tex/latex/abntex/cvs-id.def)
Package: abntcite 2003/10/13 v1.26 Chamadas de referencias no texto (NBR10520)

(/usr/local/texlive/2012/texmf/tex/latex/abntex/abntex-abrev.sty
(/usr/local/texlive/2012/texmf/tex/latex/abntex/cvs-id.def)
Package: abntex-abrev 2003/10/13 v1.3 Abreviacoes

(/usr/local/texlive/2012/texmf/tex/latex/abntex/nbr10522-1988.def
(/usr/local/texlive/2012/texmf/tex/latex/abntex/cvs-id.def)
File: nbr10522-1988.def 2003/10/13 v1.2 Abreviacoes bibliograficas (NBR10522:19
88)
)
(/usr/local/texlive/2012/texmf/tex/latex/abntex/abntex-abrev-pt_BR.def
(/usr/local/texlive/2012/texmf/tex/latex/abntex/cvs-id.def)
File: abntex-abrev-pt_BR.def 2003/10/13 v1.2 definicao de abntex-abrev, traduca
o de termos en_US/pt_BR
))
(/usr/local/texlive/2012/texmf/tex/latex/abntex/nbr10520-2002.def
(/usr/local/texlive/2012/texmf/tex/latex/abntex/cvs-id.def)
File: nbr10520-2002.def 2003/10/13 v1.2 Definicoes para abntcite (NBR10520:2002
)
)
\minimumbiblabelwidth=\skip53
\ABCIauxlen=\skip54
\c@ABCIaux=\count112
\c@ABCImax=\count113

(/usr/local/texlive/2012/texmf-dist/tex/latex/relsize/relsize.sty
Package: relsize 2011/09/21 ver 4.0

Examine \normalsize starts \@setfontsize size may be \@xiipt. 
Examine \small starts \@setfontsize size may be \@xipt. 
Examine \footnotesize starts \@setfontsize size may be \@xpt. 
Examine \large starts \@setfontsize size may be \@xivpt. 
Examine \Large starts \@setfontsize size may be \@xviipt. 
Examine \LARGE starts \@setfontsize size may be \@xxpt. 
Examine \scriptsize starts \@setfontsize size may be \@viiipt. 
Examine \tiny starts \@setfontsize size may be \@vipt. 
Examine \huge starts \@setfontsize size may be \@xxvpt. 
Examine \Huge starts \@setfontsize size may be \@xxvpt. )
\biblabelsep=\skip55
LaTeX Info: Redefining \newblock on input line 562.
LaTeX Info: Redefining \cite on input line 589.
\ABCItoken=\toks18
)
(/usr/local/texlive/2012/texmf-dist/tex/latex/listings/listings.sty
\lst@mode=\count114
\lst@gtempboxa=\box52
\lst@token=\toks19
\lst@length=\count115
\lst@currlwidth=\dimen119
\lst@column=\count116
\lst@pos=\count117
\lst@lostspace=\dimen120
\lst@width=\dimen121
\lst@newlines=\count118
\lst@lineno=\count119
\lst@maxwidth=\dimen122

(/usr/local/texlive/2012/texmf-dist/tex/latex/listings/lstmisc.sty
File: lstmisc.sty 2007/02/22 1.4 (Carsten Heinz)
\c@lstnumber=\count120
\lst@skipnumbers=\count121
\lst@framebox=\box53
)
(/usr/local/texlive/2012/texmf-dist/tex/latex/listings/listings.cfg
File: listings.cfg 2007/02/22 1.4 listings configuration
))
Package: listings 2007/02/22 1.4 (Carsten Heinz)

(/usr/local/texlive/2012/texmf-dist/tex/latex/base/textcomp.sty
Package: textcomp 2005/09/27 v1.99g Standard LaTeX package
Package textcomp Info: Sub-encoding information:
(textcomp)               5 = only ISO-Adobe without \textcurrency
(textcomp)               4 = 5 + \texteuro
(textcomp)               3 = 4 + \textohm
(textcomp)               2 = 3 + \textestimated + \textcurrency
(textcomp)               1 = TS1 - \textcircled - \t
(textcomp)               0 = TS1 (full)
(textcomp)             Font families with sub-encoding setting implement
(textcomp)             only a restricted character set as indicated.
(textcomp)             Family '?' is the default used for unknown fonts.
(textcomp)             See the documentation for details.
Package textcomp Info: Setting ? sub-encoding to TS1/1 on input line 71.

(/usr/local/texlive/2012/texmf-dist/tex/latex/base/ts1enc.def
File: ts1enc.def 2001/06/05 v3.0e (jk/car/fm) Standard LaTeX file
Now handling font encoding TS1 ...
... processing UTF-8 mapping file for font encoding TS1

(/usr/local/texlive/2012/texmf-dist/tex/latex/base/ts1enc.dfu
File: ts1enc.dfu 2008/04/05 v1.1m UTF-8 support for inputenc
   defining Unicode char U+00A2 (decimal 162)
   defining Unicode char U+00A3 (decimal 163)
   defining Unicode char U+00A4 (decimal 164)
   defining Unicode char U+00A5 (decimal 165)
   defining Unicode char U+00A6 (decimal 166)
   defining Unicode char U+00A7 (decimal 167)
   defining Unicode char U+00A8 (decimal 168)
   defining Unicode char U+00A9 (decimal 169)
   defining Unicode char U+00AA (decimal 170)
   defining Unicode char U+00AC (decimal 172)
   defining Unicode char U+00AE (decimal 174)
   defining Unicode char U+00AF (decimal 175)
   defining Unicode char U+00B0 (decimal 176)
   defining Unicode char U+00B1 (decimal 177)
   defining Unicode char U+00B2 (decimal 178)
   defining Unicode char U+00B3 (decimal 179)
   defining Unicode char U+00B4 (decimal 180)
   defining Unicode char U+00B5 (decimal 181)
   defining Unicode char U+00B6 (decimal 182)
   defining Unicode char U+00B7 (decimal 183)
   defining Unicode char U+00B9 (decimal 185)
   defining Unicode char U+00BA (decimal 186)
   defining Unicode char U+00BC (decimal 188)
   defining Unicode char U+00BD (decimal 189)
   defining Unicode char U+00BE (decimal 190)
   defining Unicode char U+00D7 (decimal 215)
   defining Unicode char U+00F7 (decimal 247)
   defining Unicode char U+0192 (decimal 402)
   defining Unicode char U+02C7 (decimal 711)
   defining Unicode char U+02D8 (decimal 728)
   defining Unicode char U+02DD (decimal 733)
   defining Unicode char U+0E3F (decimal 3647)
   defining Unicode char U+2016 (decimal 8214)
   defining Unicode char U+2020 (decimal 8224)
   defining Unicode char U+2021 (decimal 8225)
   defining Unicode char U+2022 (decimal 8226)
   defining Unicode char U+2030 (decimal 8240)
   defining Unicode char U+2031 (decimal 8241)
   defining Unicode char U+203B (decimal 8251)
   defining Unicode char U+203D (decimal 8253)
   defining Unicode char U+2044 (decimal 8260)
   defining Unicode char U+204E (decimal 8270)
   defining Unicode char U+2052 (decimal 8274)
   defining Unicode char U+20A1 (decimal 8353)
   defining Unicode char U+20A4 (decimal 8356)
   defining Unicode char U+20A6 (decimal 8358)
   defining Unicode char U+20A9 (decimal 8361)
   defining Unicode char U+20AB (decimal 8363)
   defining Unicode char U+20AC (decimal 8364)
   defining Unicode char U+20B1 (decimal 8369)
   defining Unicode char U+2103 (decimal 8451)
   defining Unicode char U+2116 (decimal 8470)
   defining Unicode char U+2117 (decimal 8471)
   defining Unicode char U+211E (decimal 8478)
   defining Unicode char U+2120 (decimal 8480)
   defining Unicode char U+2122 (decimal 8482)
   defining Unicode char U+2126 (decimal 8486)
   defining Unicode char U+2127 (decimal 8487)
   defining Unicode char U+212E (decimal 8494)
   defining Unicode char U+2190 (decimal 8592)
   defining Unicode char U+2191 (decimal 8593)
   defining Unicode char U+2192 (decimal 8594)
   defining Unicode char U+2193 (decimal 8595)
   defining Unicode char U+2329 (decimal 9001)
   defining Unicode char U+232A (decimal 9002)
   defining Unicode char U+2422 (decimal 9250)
   defining Unicode char U+25E6 (decimal 9702)
   defining Unicode char U+25EF (decimal 9711)
   defining Unicode char U+266A (decimal 9834)
))
LaTeX Info: Redefining \oldstylenums on input line 266.
Package textcomp Info: Setting cmr sub-encoding to TS1/0 on input line 281.
Package textcomp Info: Setting cmss sub-encoding to TS1/0 on input line 282.
Package textcomp Info: Setting cmtt sub-encoding to TS1/0 on input line 283.
Package textcomp Info: Setting cmvtt sub-encoding to TS1/0 on input line 284.
Package textcomp Info: Setting cmbr sub-encoding to TS1/0 on input line 285.
Package textcomp Info: Setting cmtl sub-encoding to TS1/0 on input line 286.
Package textcomp Info: Setting ccr sub-encoding to TS1/0 on input line 287.
Package textcomp Info: Setting ptm sub-encoding to TS1/4 on input line 288.
Package textcomp Info: Setting pcr sub-encoding to TS1/4 on input line 289.
Package textcomp Info: Setting phv sub-encoding to TS1/4 on input line 290.
Package textcomp Info: Setting ppl sub-encoding to TS1/3 on input line 291.
Package textcomp Info: Setting pag sub-encoding to TS1/4 on input line 292.
Package textcomp Info: Setting pbk sub-encoding to TS1/4 on input line 293.
Package textcomp Info: Setting pnc sub-encoding to TS1/4 on input line 294.
Package textcomp Info: Setting pzc sub-encoding to TS1/4 on input line 295.
Package textcomp Info: Setting bch sub-encoding to TS1/4 on input line 296.
Package textcomp Info: Setting put sub-encoding to TS1/5 on input line 297.
Package textcomp Info: Setting uag sub-encoding to TS1/5 on input line 298.
Package textcomp Info: Setting ugq sub-encoding to TS1/5 on input line 299.
Package textcomp Info: Setting ul8 sub-encoding to TS1/4 on input line 300.
Package textcomp Info: Setting ul9 sub-encoding to TS1/4 on input line 301.
Package textcomp Info: Setting augie sub-encoding to TS1/5 on input line 302.
Package textcomp Info: Setting dayrom sub-encoding to TS1/3 on input line 303.
Package textcomp Info: Setting dayroms sub-encoding to TS1/3 on input line 304.

Package textcomp Info: Setting pxr sub-encoding to TS1/0 on input line 305.
Package textcomp Info: Setting pxss sub-encoding to TS1/0 on input line 306.
Package textcomp Info: Setting pxtt sub-encoding to TS1/0 on input line 307.
Package textcomp Info: Setting txr sub-encoding to TS1/0 on input line 308.
Package textcomp Info: Setting txss sub-encoding to TS1/0 on input line 309.
Package textcomp Info: Setting txtt sub-encoding to TS1/0 on input line 310.
Package textcomp Info: Setting lmr sub-encoding to TS1/0 on input line 311.
Package textcomp Info: Setting lmdh sub-encoding to TS1/0 on input line 312.
Package textcomp Info: Setting lmss sub-encoding to TS1/0 on input line 313.
Package textcomp Info: Setting lmssq sub-encoding to TS1/0 on input line 314.
Package textcomp Info: Setting lmvtt sub-encoding to TS1/0 on input line 315.
Package textcomp Info: Setting qhv sub-encoding to TS1/0 on input line 316.
Package textcomp Info: Setting qag sub-encoding to TS1/0 on input line 317.
Package textcomp Info: Setting qbk sub-encoding to TS1/0 on input line 318.
Package textcomp Info: Setting qcr sub-encoding to TS1/0 on input line 319.
Package textcomp Info: Setting qcs sub-encoding to TS1/0 on input line 320.
Package textcomp Info: Setting qpl sub-encoding to TS1/0 on input line 321.
Package textcomp Info: Setting qtm sub-encoding to TS1/0 on input line 322.
Package textcomp Info: Setting qzc sub-encoding to TS1/0 on input line 323.
Package textcomp Info: Setting qhvc sub-encoding to TS1/0 on input line 324.
Package textcomp Info: Setting futs sub-encoding to TS1/4 on input line 325.
Package textcomp Info: Setting futx sub-encoding to TS1/4 on input line 326.
Package textcomp Info: Setting futj sub-encoding to TS1/4 on input line 327.
Package textcomp Info: Setting hlh sub-encoding to TS1/3 on input line 328.
Package textcomp Info: Setting hls sub-encoding to TS1/3 on input line 329.
Package textcomp Info: Setting hlst sub-encoding to TS1/3 on input line 330.
Package textcomp Info: Setting hlct sub-encoding to TS1/5 on input line 331.
Package textcomp Info: Setting hlx sub-encoding to TS1/5 on input line 332.
Package textcomp Info: Setting hlce sub-encoding to TS1/5 on input line 333.
Package textcomp Info: Setting hlcn sub-encoding to TS1/5 on input line 334.
Package textcomp Info: Setting hlcw sub-encoding to TS1/5 on input line 335.
Package textcomp Info: Setting hlcf sub-encoding to TS1/5 on input line 336.
Package textcomp Info: Setting pplx sub-encoding to TS1/3 on input line 337.
Package textcomp Info: Setting pplj sub-encoding to TS1/3 on input line 338.
Package textcomp Info: Setting ptmx sub-encoding to TS1/4 on input line 339.
Package textcomp Info: Setting ptmj sub-encoding to TS1/4 on input line 340.
)
(/usr/local/texlive/2012/texmf-dist/tex/latex/xcolor/xcolor.sty
Package: xcolor 2007/01/21 v2.11 LaTeX color extensions (UK)

(/usr/local/texlive/2012/texmf-dist/tex/latex/latexconfig/color.cfg
File: color.cfg 2007/01/18 v1.5 color configuration of teTeX/TeXLive
)
Package xcolor Info: Package option `usenames' ignored on input line 216.
Package xcolor Info: Driver file: pdftex.def on input line 225.
Package xcolor Info: Model `cmy' substituted by `cmy0' on input line 1337.
Package xcolor Info: Model `hsb' substituted by `rgb' on input line 1341.
Package xcolor Info: Model `RGB' extended on input line 1353.
Package xcolor Info: Model `HTML' substituted by `rgb' on input line 1355.
Package xcolor Info: Model `Hsb' substituted by `hsb' on input line 1356.
Package xcolor Info: Model `tHsb' substituted by `hsb' on input line 1357.
Package xcolor Info: Model `HSB' substituted by `hsb' on input line 1358.
Package xcolor Info: Model `Gray' substituted by `gray' on input line 1359.
Package xcolor Info: Model `wave' substituted by `hsb' on input line 1360.

(/usr/local/texlive/2012/texmf-dist/tex/latex/graphics/dvipsnam.def
File: dvipsnam.def 1999/02/16 v3.0i Driver-dependant file (DPC,SPQR)
))
(/usr/local/texlive/2012/texmf-dist/tex/latex/algorithm2e/algorithm2e.sty
Package: algorithm2e 2008/00/00 v3.10 algorithms environments
\c@AlgoLine=\count122

(/usr/local/texlive/2012/texmf-dist/tex/latex/tools/xspace.sty
Package: xspace 2009/10/20 v1.13 Space after command names (DPC,MH)
)
********************************************************
Package `algorithm2e' Release 4.01 -- december 14 2009 --
- algorithm2e-announce@lirmm.fr mailing list for announcement about releases
- algorithm2e-discussion@lirmm.fr mailing list for discussion about package
subscribe by emailing sympa@lirmm.fr with 'subscribe <list> <firstname name>'
- Author: Christophe Fiorio (fiorio@lirmm.fr)
********************************************************
\skiptotal=\skip56
\skiplinenumber=\skip57
\skiprule=\skip58
\skiphlne=\skip59
\skiptext=\skip60
\skiplength=\skip61
\algomargin=\skip62
\skipalgocfslide=\skip63
\algowidth=\dimen123
\inoutsize=\dimen124
\inoutline=\dimen125
\interspacetitleruled=\dimen126
\interspacealgoruled=\dimen127
\interspacetitleboxruled=\dimen128
\algocf@inoutbox=\box54
\algocf@inputbox=\box55
\AlCapSkip=\skip64
\AlCapHSkip=\skip65
\algocf@nlbox=\box56
\algocf@hangingbox=\box57
\algocf@capbox=\box58
\algoheightruledefault=\skip66
\algoheightrule=\skip67
\algotitleheightruledefault=\skip68
\algotitleheightrule=\skip69
\c@algocfline=\count123
\c@algocfproc=\count124
\c@algocf=\count125
\algocf@algoframe=\box59
\algocf@algobox=\box60
) (/usr/local/texlive/2012/texmf-dist/tex/latex/mh/mathtools.sty
Package: mathtools 2012/04/24 v1.12 mathematical typesetting tools

(/usr/local/texlive/2012/texmf-dist/tex/latex/mh/mhsetup.sty
Package: mhsetup 2010/01/21 v1.2a programming setup (MH)
)
(/usr/local/texlive/2012/texmf-dist/tex/latex/amsmath/amsmath.sty
Package: amsmath 2000/07/18 v2.13 AMS math features
\@mathmargin=\skip70

For additional information on amsmath, use the `?' option.
(/usr/local/texlive/2012/texmf-dist/tex/latex/amsmath/amstext.sty
Package: amstext 2000/06/29 v2.01

(/usr/local/texlive/2012/texmf-dist/tex/latex/amsmath/amsgen.sty
File: amsgen.sty 1999/11/30 v2.0
\@emptytoks=\toks20
\ex@=\dimen129
))
(/usr/local/texlive/2012/texmf-dist/tex/latex/amsmath/amsbsy.sty
Package: amsbsy 1999/11/29 v1.2d
\pmbraise@=\dimen130
)
(/usr/local/texlive/2012/texmf-dist/tex/latex/amsmath/amsopn.sty
Package: amsopn 1999/12/14 v2.01 operator names
)
\inf@bad=\count126
LaTeX Info: Redefining \frac on input line 211.
\uproot@=\count127
\leftroot@=\count128
LaTeX Info: Redefining \overline on input line 307.
\classnum@=\count129
\DOTSCASE@=\count130
LaTeX Info: Redefining \ldots on input line 379.
LaTeX Info: Redefining \dots on input line 382.
LaTeX Info: Redefining \cdots on input line 467.
\Mathstrutbox@=\box61
\strutbox@=\box62
\big@size=\dimen131
LaTeX Font Info:    Redeclaring font encoding OML on input line 567.
LaTeX Font Info:    Redeclaring font encoding OMS on input line 568.
\macc@depth=\count131
\c@MaxMatrixCols=\count132
\dotsspace@=\muskip11
\c@parentequation=\count133
\dspbrk@lvl=\count134
\tag@help=\toks21
\row@=\count135
\column@=\count136
\maxfields@=\count137
\andhelp@=\toks22
\eqnshift@=\dimen132
\alignsep@=\dimen133
\tagshift@=\dimen134
\tagwidth@=\dimen135
\totwidth@=\dimen136
\lineht@=\dimen137
\@envbody=\toks23
\multlinegap=\skip71
\multlinetaggap=\skip72
\mathdisplay@stack=\toks24
LaTeX Info: Redefining \[ on input line 2666.
LaTeX Info: Redefining \] on input line 2667.
)
\g_MT_multlinerow_int=\count138
\l_MT_multwidth_dim=\dimen138
\origjot=\skip73
\l_MT_shortvdotswithinadjustabove_dim=\dimen139
\l_MT_shortvdotswithinadjustbelow_dim=\dimen140
\l_MT_above_intertext_dim=\dimen141
\l_MT_below_intertext_dim=\dimen142
\l_MT_above_shortintertext_dim=\dimen143
\l_MT_below_shortintertext_dim=\dimen144
)
(/usr/local/texlive/2012/texmf-dist/tex/latex/pstricks/pstricks.sty
Package: pstricks 2011/10/31 v0.52 LaTeX wrapper for `PSTricks' (RN,HV)

(/usr/local/texlive/2012/texmf-dist/tex/generic/pstricks/pstricks.tex
(/usr/local/texlive/2012/texmf-dist/tex/generic/xkeyval/pst-xkey.tex
File: pst-xkey.tex 2005/11/25 v1.6 PSTricks specialization of xkeyval (HA)

(/usr/local/texlive/2012/texmf-dist/tex/latex/xkeyval/xkeyval.sty
Package: xkeyval 2008/08/13 v2.6a package option processing (HA)

(/usr/local/texlive/2012/texmf-dist/tex/generic/xkeyval/xkeyval.tex
\XKV@toks=\toks25
\XKV@tempa@toks=\toks26
\XKV@depth=\count139
File: xkeyval.tex 2008/08/13 v2.6a key=value parser (HA)
)))
(/usr/local/texlive/2012/texmf-dist/tex/generic/pstricks/pst-fp.tex
`pst-fp' v0.05, 2010/01/17 (hv)
\pstFP@xs=\count140
\pstFP@xia=\count141
\pstFP@xib=\count142
\pstFP@xfa=\count143
\pstFP@xfb=\count144
\pstFP@rega=\count145
\pstFP@regb=\count146
\pstFP@regs=\count147
\pstFP@times=\count148
)
\psLoopIndex=\count149

`PSTricks' v2.29  <2012/06/04> (tvz)
\pst@dima=\dimen145
\pst@dimb=\dimen146
\pst@dimc=\dimen147
\pst@dimd=\dimen148
\pst@dimg=\dimen149
\pst@dimh=\dimen150
\pst@dimm=\dimen151
\pst@dimn=\dimen152
\pst@dimo=\dimen153
\pst@dimp=\dimen154
\pst@hbox=\box63
\pst@ibox=\box64
\pst@boxg=\box65
\pst@cnta=\count150
\pst@cntb=\count151
\pst@cntc=\count152
\pst@cntd=\count153
\pst@cntg=\count154
\pst@cnth=\count155
\pst@cntm=\count156
\pst@cntn=\count157
\pst@cnto=\count158
\pst@cntp=\count159
\@zero=\count160
\pst@toks=\toks27
(/usr/local/texlive/2012/texmf-dist/tex/generic/pstricks/pstricks.con)
\psunit=\dimen155
\psxunit=\dimen156
\psyunit=\dimen157
\pst@C@@rType=\count161
\pslinewidth=\dimen158
\psk@startLW=\dimen159
\psk@endLW=\dimen160
\pst@customdefs=\toks28
\pslinearc=\dimen161
\pst@symbolStep=\dimen162
\pst@symbolWidth=\dimen163
\pst@symbolLinewidth=\dimen164
\everypsbox=\toks29
\psframesep=\dimen165
\pslabelsep=\dimen166
\pst@shift=\dimen167
\theoverlaybox=\box66
)
File: pstricks.tex 2012/06/04 v2.29 `PSTricks' (tvz,hv)

(/usr/local/texlive/2012/texmf-dist/tex/generic/pstricks/pst-fp.tex)
File: pst-fp.tex 2012/06/04 v2.29 `PST-fp' (hv)
)
(/usr/local/texlive/2012/texmf-dist/tex/latex/graphics/epsfig.sty
Package: epsfig 1999/02/16 v1.7a (e)psfig emulation (SPQR)
\epsfxsize=\dimen168
\epsfysize=\dimen169
)
(/usr/local/texlive/2012/texmf-dist/tex/latex/float/float.sty
Package: float 2001/11/08 v1.3d Float enhancements (AL)
\c@float@type=\count162
\float@exts=\toks30
\float@box=\box67
\@float@everytoks=\toks31
\@floatcapt=\box68
)
(/usr/local/texlive/2012/texmf-dist/tex/generic/xypic/xy.sty
(/usr/local/texlive/2012/texmf-dist/tex/generic/xypic/xy.tex Bootstrap'ing:
catcodes, docmode,
(/usr/local/texlive/2012/texmf-dist/tex/generic/xypic/xyrecat.tex)
(/usr/local/texlive/2012/texmf-dist/tex/generic/xypic/xyidioms.tex)

 Xy-pic version 3.8.8 <2012/05/24>
 Copyright (c) 1991-2011 by Kristoffer H. Rose <krisrose@tug.org>
 Xy-pic is free software: see the User's Guide for details.

Loading kernel: messages; fonts; allocations: state,
\X@c=\dimen170
\Y@c=\dimen171
\U@c=\dimen172
\D@c=\dimen173
\L@c=\dimen174
\R@c=\dimen175
\Edge@c=\toks32
\X@p=\dimen176
\Y@p=\dimen177
\U@p=\dimen178
\D@p=\dimen179
\L@p=\dimen180
\R@p=\dimen181
\Edge@p=\toks33
\X@origin=\dimen182
\Y@origin=\dimen183
\X@xbase=\dimen184
\Y@xbase=\dimen185
\X@ybase=\dimen186
\Y@ybase=\dimen187
\X@min=\dimen188
\Y@min=\dimen189
\X@max=\dimen190
\Y@max=\dimen191
\lastobjectbox@=\box69
\zerodotbox@=\box70
\almostz@=\dimen192
 direction,
\d@X=\dimen193
\d@Y=\dimen194
\K@=\count163
\KK@=\count164
\Direction=\count165
\K@dXdY=\dimen195
\K@dYdX=\dimen196
\xyread@=\read1
\xywrite@=\write3
\csp@=\count166
\quotPTK@=\dimen197

utility macros; pictures: \xy, positions,
\swaptoks@@=\toks34
\connectobjectbox@@=\box71
 objects,
\styletoks@=\toks35
 decorations;
kernel objects: directionals, circles, text; options; algorithms: directions,
edges, connections;  Xy-pic loaded)
Package: xy 2012/05/24 Xy-pic version 3.8.8

(/usr/local/texlive/2012/texmf-dist/tex/generic/xypic/xycmtip.tex
 Xy-pic option: Computer Modern tip extension v.3.7
(/usr/local/texlive/2012/texmf-dist/tex/generic/xypic/xytips.tex
 Xy-pic option: More Tips extension v.3.9 loaded) loaded)
(/usr/local/texlive/2012/texmf-dist/tex/generic/xypic/xyall.tex
 Xy-pic option: All features v.3.8
(/usr/local/texlive/2012/texmf-dist/tex/generic/xypic/xycurve.tex
 Xy-pic option: Curve and Spline extension v.3.12 curve,
\crv@cnt@=\count167
\crvpts@=\toks36
\splinebox@=\box72
\splineval@=\dimen198
\splinedepth@=\dimen199
\splinetol@=\dimen200
\splinelength@=\dimen201
 circles,
\L@=\dimen202
 loaded)
(/usr/local/texlive/2012/texmf-dist/tex/generic/xypic/xyframe.tex
 Xy-pic option: Frame and Bracket extension v.3.14 loaded)
(/usr/local/texlive/2012/texmf-dist/tex/generic/xypic/xyline.tex
 Xy-pic option: Line styles extension v.3.10
\xylinethick@=\dimen203
 loaded)
(/usr/local/texlive/2012/texmf-dist/tex/generic/xypic/xyrotate.tex
 Xy-pic option: Rotate and Scale extension v.3.8 loaded)
(/usr/local/texlive/2012/texmf-dist/tex/generic/xypic/xycolor.tex
 Xy-pic option: Colour extension v.3.11 loaded)
(/usr/local/texlive/2012/texmf-dist/tex/generic/xypic/xymatrix.tex
 Xy-pic option: Matrix feature v.3.14
\Row=\count168
\Col=\count169
\queue@=\toks37
\queue@@=\toks38
\qcount@=\count170
\qcount@@=\count171
\matrixsize@=\count172
 loaded)
(/usr/local/texlive/2012/texmf-dist/tex/generic/xypic/xyarrow.tex
 Xy-pic option: Arrow and Path feature v.3.9 path, \ar, loaded)
(/usr/local/texlive/2012/texmf-dist/tex/generic/xypic/xygraph.tex
 Xy-pic option: Graph feature v.3.11 loaded) loaded)
(/usr/local/texlive/2012/texmf-dist/tex/generic/xypic/xypdf.tex
 Xy-pic option: PDF driver v.1.7 Xy-pic pdf driver: `color' extension support
(/usr/local/texlive/2012/texmf-dist/tex/generic/xypic/xypdf-co.tex loaded)
Xy-pic pdf driver: `curve' extension support
(/usr/local/texlive/2012/texmf-dist/tex/generic/xypic/xypdf-cu.tex loaded)
Xy-pic pdf driver: `frame' extension support
(/usr/local/texlive/2012/texmf-dist/tex/generic/xypic/xypdf-fr.tex loaded)
Xy-pic pdf driver: `line' extension support
(/usr/local/texlive/2012/texmf-dist/tex/generic/xypic/xypdf-li.tex loaded)
Xy-pic pdf driver: `rotate' extension support
(/usr/local/texlive/2012/texmf-dist/tex/generic/xypic/xypdf-ro.tex loaded)
loaded)) (/usr/local/texlive/2012/texmf-dist/tex/latex/listings/lstlang1.sty
File: lstlang1.sty 2004/09/05 1.3 listings language file
)
(/usr/local/texlive/2012/texmf-dist/tex/latex/listings/lstlang2.sty
File: lstlang2.sty 2004/09/05 1.3 listings language file
)
(/usr/local/texlive/2012/texmf-dist/tex/latex/sectsty/sectsty.sty
Package: sectsty 2002/02/25 v2.0.2 Commands to change all sectional heading sty
les
)
(/usr/local/texlive/2012/texmf-dist/tex/latex/caption/caption.sty
Package: caption 2012/02/19 v3.2f Customizing captions (AR)

(/usr/local/texlive/2012/texmf-dist/tex/latex/caption/caption3.sty
Package: caption3 2012/01/12 v1.4b caption3 kernel (AR)
\captionmargin=\dimen204
\captionmargin@=\dimen205
\captionwidth=\dimen206
\caption@indent=\dimen207
\caption@parindent=\dimen208
\caption@hangindent=\dimen209
)
\c@ContinuedFloat=\count173
Package caption Info: float package is loaded.
Package caption Info: hyperref package is loaded.
Package caption Info: listings package is loaded.
)
(./monografia.aux (./tex/0-folha_de_aprovacao.aux) (./tex/0-epigrafe.aux)
(./tex/0-agradecimentos.aux) (./tex/1-introducao.aux)
(./tex/2-deteccao_eventos.aux) (./tex/3-processo.aux

LaTeX Warning: Label `table:nonlin' multiply defined.

) (./tex/4-classificacao.aux

LaTeX Warning: Label `table:nonlin' multiply defined.

) (./tex/5-implementacao.aux

LaTeX Warning: Label `table:nonlin' multiply defined.


LaTeX Warning: Label `table:nonlin' multiply defined.


LaTeX Warning: Label `table:nonlin' multiply defined.


LaTeX Warning: Label `table:nonlin' multiply defined.


LaTeX Warning: Label `table:nonlin' multiply defined.

) (./tex/6-conclusao.aux) (./tex/7-apendice.aux))
\openout1 = `monografia.aux'.

LaTeX Font Info:    Checking defaults for OML/cmm/m/it on input line 150.
LaTeX Font Info:    ... okay on input line 150.
LaTeX Font Info:    Checking defaults for T1/cmr/m/n on input line 150.
LaTeX Font Info:    ... okay on input line 150.
LaTeX Font Info:    Checking defaults for OT1/cmr/m/n on input line 150.
LaTeX Font Info:    ... okay on input line 150.
LaTeX Font Info:    Checking defaults for OMS/cmsy/m/n on input line 150.
LaTeX Font Info:    ... okay on input line 150.
LaTeX Font Info:    Checking defaults for OMX/cmex/m/n on input line 150.
LaTeX Font Info:    ... okay on input line 150.
LaTeX Font Info:    Checking defaults for U/cmr/m/n on input line 150.
LaTeX Font Info:    ... okay on input line 150.
LaTeX Font Info:    Checking defaults for PD1/pdf/m/n on input line 150.
LaTeX Font Info:    ... okay on input line 150.
LaTeX Font Info:    Checking defaults for TS1/cmr/m/n on input line 150.
LaTeX Font Info:    Try loading font information for TS1+cmr on input line 150.


(/usr/local/texlive/2012/texmf-dist/tex/latex/base/ts1cmr.fd
File: ts1cmr.fd 1999/05/25 v2.5h Standard LaTeX font definitions
)
LaTeX Font Info:    ... okay on input line 150.

(/usr/local/texlive/2012/texmf-dist/tex/context/base/supp-pdf.mkii
[Loading MPS to PDF converter (version 2006.09.02).]
\scratchcounter=\count174
\scratchdimen=\dimen210
\scratchbox=\box73
\nofMPsegments=\count175
\nofMParguments=\count176
\everyMPshowfont=\toks39
\MPscratchCnt=\count177
\MPscratchDim=\dimen211
\MPnumerator=\count178
\makeMPintoPDFobject=\count179
\everyMPtoPDFconversion=\toks40
) (/usr/local/texlive/2012/texmf-dist/tex/latex/oberdiek/epstopdf-base.sty
Package: epstopdf-base 2010/02/09 v2.5 Base part for package epstopdf

(/usr/local/texlive/2012/texmf-dist/tex/latex/oberdiek/grfext.sty
Package: grfext 2010/08/19 v1.1 Manage graphics extensions (HO)
)
Package grfext Info: Graphics extension search list:
(grfext)             [.png,.pdf,.jpg,.mps,.jpeg,.jbig2,.jb2,.PNG,.PDF,.JPG,.JPE
G,.JBIG2,.JB2,.eps]
(grfext)             \AppendGraphicsExtensions on input line 452.

(/usr/local/texlive/2012/texmf-dist/tex/latex/latexconfig/epstopdf-sys.cfg
File: epstopdf-sys.cfg 2010/07/13 v1.3 Configuration of (r)epstopdf for TeX Liv
e
))
\AtBeginShipoutBox=\box74
Package hyperref Info: Link coloring OFF on input line 150.

(/usr/local/texlive/2012/texmf-dist/tex/latex/hyperref/nameref.sty
Package: nameref 2010/04/30 v2.40 Cross-referencing by name of section

(/usr/local/texlive/2012/texmf-dist/tex/generic/oberdiek/gettitlestring.sty
Package: gettitlestring 2010/12/03 v1.4 Cleanup title references (HO)
)
\c@section@level=\count180
)
LaTeX Info: Redefining \ref on input line 150.
LaTeX Info: Redefining \pageref on input line 150.
LaTeX Info: Redefining \nameref on input line 150.

(./monografia.out) (./monografia.out)
\@outlinefile=\write4
\openout4 = `monografia.out'.

\c@lstlisting=\count181
Package xypdf Info: Line width: 0.47998pt on input line 150.
Package caption Info: Begin \AtBeginDocument code.
Package caption Info: End \AtBeginDocument code.
 [1
Non-PDF special ignored!
Non-PDF special ignored!
Non-PDF special ignored!
Non-PDF special ignored!


Non-PDF special ignored!
Non-PDF special ignored!{/usr/local/texlive/2012/texmf-var/fonts/map/pdftex/upd
map/pdftex.map}]
Underfull \hbox (badness 1394) in paragraph at lines 164--164
\OT1/cmr/m/n/12 ver-si-dade Es-ta-dual do Norte Flu-mi-nense
 []

pdfTeX warning (ext4): destination with the same identifier (name{page.1}) has 
been already used, duplicate ignored
<to be read again> 
                   \relax 
l.164 \folhaderosto
                    [1]
\openout2 = `tex/0-folha_de_aprovacao.aux'.

 (./tex/0-folha_de_aprovacao.texpdfTeX warning (ext4): destination with the sam
e identifier (name{page.1}) has been already used, duplicate ignored
<to be read again> 
                   \relax 
l.30 \end{folhadeaprovacao}
                            [1


])
\openout2 = `tex/0-epigrafe.aux'.

 (./tex/0-epigrafe.texpdfTeX warning (ext4): destination with the same identifi
er (name{page.1}) has been already used, duplicate ignored
<to be read again> 
                   \relax 
l.8 \end{titlepage}
                    [1



])
\openout2 = `tex/0-agradecimentos.aux'.

 (./tex/0-agradecimentos.tex)pdfTeX warning (ext4): destination with the same i
dentifier (name{page.1}) has been already used, duplicate ignored
<to be read again> 
                   \relax 
l.168 \include{tex/0-agradecimentos}
                                     [1


] (./monografia.toc [2


] [3])
\tf@toc=\write5
\openout5 = `monografia.toc'.

 [4]
(./monografia.lof [5


])
\tf@lof=\write6
\openout6 = `monografia.lof'.

 [6] (./monografia.lot)
\tf@lot=\write7
\openout7 = `monografia.lot'.

 (./tex/0-resumo.tex [7

] [8


])
(./tex/0-abstract.tex [9


])
\openout2 = `tex/1-introducao.aux'.

 (./tex/1-introducao.tex
Cap\'{\i }tulo 1.
[10


] [11] [12]) [13]
\openout2 = `tex/2-deteccao_eventos.aux'.

 (./tex/2-deteccao_eventos.tex
Cap\'{\i }tulo 2.
[14



]

Package hyperref Warning: Difference (2) between bookmark levels is greater 
(hyperref)                than one, level fixed on input line 21.

[15]
Overfull \hbox (4.6598pt too wide) in paragraph at lines 35--36
[]\OT1/cmr/bx/n/12 Observ^^Savel x n~ao-observ^^Savel: \OT1/cmr/m/n/12 Sis-te-m
as ob-serv^^Saveis s~ao os que suas ca-rac-ter^^S^^Psticas
 []

[16] [17] [18] [19]
Package epstopdf Info: Source file: <figuras/event-perception-2.eps>
(epstopdf)                    date: 2014-08-07 23:37:50
(epstopdf)                    size: 486894 bytes
(epstopdf)             Output file: <figuras/event-perception-2-eps-converted-t
o.pdf>
(epstopdf)                    date: 2014-08-07 23:37:59
(epstopdf)                    size: 88872 bytes
(epstopdf)             Command: <epstopdf --outfile=figuras/event-perception-2-
eps-converted-to.pdf figuras/event-perception-2.eps>
(epstopdf)             \includegraphics on input line 100.
Package epstopdf Info: Output file is already uptodate.

<figuras/event-perception-2-eps-converted-to.pdf, id=521, 647.41875pt x 338.263
75pt>
File: figuras/event-perception-2-eps-converted-to.pdf Graphic file (type pdf)
 <use figuras/event-perception-2-eps-converted-to.pdf>
Package pdftex.def Info: figuras/event-perception-2-eps-converted-to.pdf used o
n input line 100.
(pdftex.def)             Requested size: 386.96027pt x 202.18042pt.
 [20]

LaTeX Warning: File `figuras/twitter-main-screen.eps' not found on input line 1
15.

Package epstopdf Info: Source file: <figuras/twitter-main-screen.eps>
(epstopdf)             Output file: <figuras/twitter-main-screen-eps-converted-
to.pdf>
(epstopdf)                    date: 2014-07-16 00:47:54
(epstopdf)                    size: 139508 bytes
(epstopdf)             Command: <epstopdf --outfile=figuras/twitter-main-screen
-eps-converted-to.pdf figuras/twitter-main-screen.eps>
(epstopdf)             \includegraphics on input line 115.
Package epstopdf Info: Output file is already uptodate.

<figuras/twitter-main-screen-eps-converted-to.pdf, id=528, 928.46875pt x 569.12
625pt>
File: figuras/twitter-main-screen-eps-converted-to.pdf Graphic file (type pdf)
 <use figuras/twitter-main-screen-eps-converted-to.pdf>
Package pdftex.def Info: figuras/twitter-main-screen-eps-converted-to.pdf used 
on input line 115.
(pdftex.def)             Requested size: 364.19667pt x 223.24359pt.
 [21 <./figuras/event-perception-2-eps-converted-to.pdf>] [22 <./figuras/twitte
r-main-screen-eps-converted-to.pdf>] [23]
Package epstopdf Info: Source file: <figuras/regressao-linear.eps>
(epstopdf)                    date: 2014-08-07 22:45:38
(epstopdf)                    size: 23160 bytes
(epstopdf)             Output file: <figuras/regressao-linear-eps-converted-to.
pdf>
(epstopdf)                    date: 2014-08-07 22:45:48
(epstopdf)                    size: 7546 bytes
(epstopdf)             Command: <epstopdf --outfile=figuras/regressao-linear-ep
s-converted-to.pdf figuras/regressao-linear.eps>
(epstopdf)             \includegraphics on input line 160.
Package epstopdf Info: Output file is already uptodate.

<figuras/regressao-linear-eps-converted-to.pdf, id=598, 226.8475pt x 224.84pt>
File: figuras/regressao-linear-eps-converted-to.pdf Graphic file (type pdf)

<use figuras/regressao-linear-eps-converted-to.pdf>
Package pdftex.def Info: figuras/regressao-linear-eps-converted-to.pdf used on 
input line 160.
(pdftex.def)             Requested size: 182.09486pt x 180.48291pt.
 [24] [25 <./figuras/regressao-linear-eps-converted-to.pdf>]

LaTeX Warning: File `figuras/svm-two-dimensional-field.eps' not found on input 
line 189.

Package epstopdf Info: Source file: <figuras/svm-two-dimensional-field.eps>
(epstopdf)             Output file: <figuras/svm-two-dimensional-field-eps-conv
erted-to.pdf>
(epstopdf)                    date: 2014-07-03 17:33:19
(epstopdf)                    size: 43068 bytes
(epstopdf)             Command: <epstopdf --outfile=figuras/svm-two-dimensional
-field-eps-converted-to.pdf figuras/svm-two-dimensional-field.eps>
(epstopdf)             \includegraphics on input line 189.
Package epstopdf Info: Output file is already uptodate.

<figuras/svm-two-dimensional-field-eps-converted-to.pdf, id=616, 738.76pt x 257
.96375pt>
File: figuras/svm-two-dimensional-field-eps-converted-to.pdf Graphic file (type
 pdf)
 <use figuras/svm-two-dimensional-field-eps-converted-to.pdf>
Package pdftex.def Info: figuras/svm-two-dimensional-field-eps-converted-to.pdf
 used on input line 189.
(pdftex.def)             Requested size: 455.24411pt x 158.96361pt.
 [26]
[27 <./figuras/svm-two-dimensional-field-eps-converted-to.pdf>] [28] [29]
[30]) [31]
\openout2 = `tex/3-processo.aux'.

 (./tex/3-processo.tex
Cap\'{\i }tulo 3.

Overfull \hbox (0.5193pt too wide) in paragraph at lines 3--4
\OT1/cmr/m/n/12 O Twit-ter pos-sui um imenso banco de da-dos de pu-blica^^Xc~oe
s cri-a-das por usu^^Sarios, tornando-
 []

[32



] [33]
Package epstopdf Info: Source file: <figuras/fluxograma-deteccao.eps>
(epstopdf)                    date: 2014-09-19 14:30:33
(epstopdf)                    size: 125957 bytes
(epstopdf)             Output file: <figuras/fluxograma-deteccao-eps-converted-
to.pdf>
(epstopdf)                    date: 2014-09-19 14:31:01
(epstopdf)                    size: 23449 bytes
(epstopdf)             Command: <epstopdf --outfile=figuras/fluxograma-deteccao
-eps-converted-to.pdf figuras/fluxograma-deteccao.eps>
(epstopdf)             \includegraphics on input line 32.
Package epstopdf Info: Output file is already uptodate.

<figuras/fluxograma-deteccao-eps-converted-to.pdf, id=718, 827.09pt x 645.41125
pt>
File: figuras/fluxograma-deteccao-eps-converted-to.pdf Graphic file (type pdf)
 <use figuras/fluxograma-deteccao-eps-converted-to.pdf>
Package pdftex.def Info: figuras/fluxograma-deteccao-eps-converted-to.pdf used 
on input line 32.
(pdftex.def)             Requested size: 455.24411pt x 355.25304pt.
 [34 <./figuras/fluxograma-deteccao-eps-converted-to.pdf>] [35]
Package hyperref Info: bookmark level for unknown lstlisting defaults to 0 on i
nput line 59.

(/usr/local/texlive/2012/texmf-dist/tex/latex/base/utf8.def
File: utf8.def 2008/04/05 v1.1m UTF-8 support for inputenc
) [36]
Package epstopdf Info: Source file: <figuras/twitter-rest-api.eps>
(epstopdf)                    date: 2014-08-26 15:21:37
(epstopdf)                    size: 229464 bytes
(epstopdf)             Output file: <figuras/twitter-rest-api-eps-converted-to.
pdf>
(epstopdf)                    date: 2014-08-26 15:25:13
(epstopdf)                    size: 44199 bytes
(epstopdf)             Command: <epstopdf --outfile=figuras/twitter-rest-api-ep
s-converted-to.pdf figuras/twitter-rest-api.eps>
(epstopdf)             \includegraphics on input line 89.
Package epstopdf Info: Output file is already uptodate.

<figuras/twitter-rest-api-eps-converted-to.pdf, id=782, 555.07375pt x 351.3125p
t>
File: figuras/twitter-rest-api-eps-converted-to.pdf Graphic file (type pdf)
 <use figuras/twitter-rest-api-eps-converted-to.pdf>
Package pdftex.def Info: figuras/twitter-rest-api-eps-converted-to.pdf used on 
input line 89.
(pdftex.def)             Requested size: 364.19667pt x 230.50537pt.
 [37 <./figuras/twitter-rest-api-eps-converted-to.pdf>]
Package epstopdf Info: Source file: <figuras/twitter-streaming-api.eps>
(epstopdf)                    date: 2014-08-26 15:22:20
(epstopdf)                    size: 231318 bytes
(epstopdf)             Output file: <figuras/twitter-streaming-api-eps-converte
d-to.pdf>
(epstopdf)                    date: 2014-08-26 15:25:16
(epstopdf)                    size: 41780 bytes
(epstopdf)             Command: <epstopdf --outfile=figuras/twitter-streaming-a
pi-eps-converted-to.pdf figuras/twitter-streaming-api.eps>
(epstopdf)             \includegraphics on input line 128.
Package epstopdf Info: Output file is already uptodate.

<figuras/twitter-streaming-api-eps-converted-to.pdf, id=821, 682.55pt x 362.353
74pt>
File: figuras/twitter-streaming-api-eps-converted-to.pdf Graphic file (type pdf
)
 <use figuras/twitter-streaming-api-eps-converted-to.pdf>
Package pdftex.def Info: figuras/twitter-streaming-api-eps-converted-to.pdf use
d on input line 128.
(pdftex.def)             Requested size: 455.24411pt x 241.68652pt.
 [38] [39 <./figuras/twitter-streaming-api-eps-converted-to.pdf>]
Overfull \hbox (4.67094pt too wide) in paragraph at lines 143--144
[]\OT1/cmr/m/n/12 Para va-li-dar o mo-delo im-ple-men-tado, pretende-se de-tec-
tar ocorr^encias de ma-ni-festa^^Xc~oes
 []


Overfull \hbox (2.36533pt too wide) in paragraph at lines 164--164
[]\OT1/cmr/bx/n/12 Longitude| 
 []


Underfull \hbox (badness 10000) in paragraph at lines 164--164
[]\OT1/cmr/bx/n/12 Localiza^^Xc~ao
 []


Overfull \hbox (0.92195pt too wide) in paragraph at lines 165--165
[]\OT1/cmr/m/n/12 49744
 []


Overfull \hbox (0.92195pt too wide) in paragraph at lines 165--165
\OT1/cmr/m/n/12 40914
 []


Overfull \hbox (0.92195pt too wide) in paragraph at lines 165--165
\OT1/cmr/m/n/12 21286
 []


Underfull \hbox (badness 10000) in paragraph at lines 165--165
[]\OT1/cmr/m/n/12 2014-08-07
 []


Underfull \hbox (badness 5741) in paragraph at lines 165--165
[]\OT1/cmr/m/n/12 Aumento da pas-sa-
 []


Overfull \hbox (0.92195pt too wide) in paragraph at lines 166--166
[]\OT1/cmr/m/n/12 49743
 []


Overfull \hbox (0.92195pt too wide) in paragraph at lines 166--166
\OT1/cmr/m/n/12 91868
 []


Overfull \hbox (0.92195pt too wide) in paragraph at lines 166--166
\OT1/cmr/m/n/12 07685
 []


Underfull \hbox (badness 10000) in paragraph at lines 166--166
[]\OT1/cmr/m/n/12 2014-08-07
 []


Underfull \hbox (badness 10000) in paragraph at lines 166--166
[]\OT1/cmr/m/n/12 Grupo faz ma-ni-
 []


Underfull \hbox (badness 4013) in paragraph at lines 166--166
\OT1/cmr/m/n/12 si-na-tos de mu-lhe-res
 []


Overfull \hbox (0.92195pt too wide) in paragraph at lines 167--167
[]\OT1/cmr/m/n/12 49743
 []


Overfull \hbox (0.92195pt too wide) in paragraph at lines 167--167
\OT1/cmr/m/n/12 54381
 []


Overfull \hbox (0.92195pt too wide) in paragraph at lines 167--167
\OT1/cmr/m/n/12 48104
 []


Underfull \hbox (badness 10000) in paragraph at lines 167--167
[]\OT1/cmr/m/n/12 2014-08-07
 []


Underfull \hbox (badness 10000) in paragraph at lines 167--168
[]\OT1/cmr/m/n/12 Rio de Ja-
 []


Overfull \hbox (0.86804pt too wide) in paragraph at lines 162--172
 [][] 
 []

[40] [41]
Package epstopdf Info: Source file: <figuras/processo-modelo-espaco-vetorial.ep
s>
(epstopdf)                    date: 2014-08-15 14:52:16
(epstopdf)                    size: 146794 bytes
(epstopdf)             Output file: <figuras/processo-modelo-espaco-vetorial-ep
s-converted-to.pdf>
(epstopdf)                    date: 2014-08-15 14:52:20
(epstopdf)                    size: 37196 bytes
(epstopdf)             Command: <epstopdf --outfile=figuras/processo-modelo-esp
aco-vetorial-eps-converted-to.pdf figuras/processo-modelo-espaco-vetorial.eps>
(epstopdf)             \includegraphics on input line 196.
Package epstopdf Info: Output file is already uptodate.

<figuras/processo-modelo-espaco-vetorial-eps-converted-to.pdf, id=873, 676.5275
pt x 122.4575pt>
File: figuras/processo-modelo-espaco-vetorial-eps-converted-to.pdf Graphic file
 (type pdf)

<use figuras/processo-modelo-espaco-vetorial-eps-converted-to.pdf>
Package pdftex.def Info: figuras/processo-modelo-espaco-vetorial-eps-converted-
to.pdf used on input line 196.
(pdftex.def)             Requested size: 455.24411pt x 82.40485pt.
 [42 <./figuras/processo-modelo-espaco-vetorial-eps-converted-to.pdf>]
Package epstopdf Info: Source file: <figuras/tokenizacao.eps>
(epstopdf)                    date: 2014-09-08 22:53:26
(epstopdf)                    size: 94186 bytes
(epstopdf)             Output file: <figuras/tokenizacao-eps-converted-to.pdf>
(epstopdf)                    date: 2014-09-08 23:06:28
(epstopdf)                    size: 19866 bytes
(epstopdf)             Command: <epstopdf --outfile=figuras/tokenizacao-eps-con
verted-to.pdf figuras/tokenizacao.eps>
(epstopdf)             \includegraphics on input line 211.
Package epstopdf Info: Output file is already uptodate.

<figuras/tokenizacao-eps-converted-to.pdf, id=896, 632.3625pt x 195.73125pt>
File: figuras/tokenizacao-eps-converted-to.pdf Graphic file (type pdf)

<use figuras/tokenizacao-eps-converted-to.pdf>
Package pdftex.def Info: figuras/tokenizacao-eps-converted-to.pdf used on input
 line 211.
(pdftex.def)             Requested size: 455.24411pt x 140.91144pt.

Overfull \hbox (9.26773pt too wide) in paragraph at lines 216--217
\OT1/cmr/m/n/12 mente a pon-tua^^Xc~ao e a le-tra mai^^Suscula faz com que um n
ovo termo seja cri-ado, diferenciando-
 []

Package epstopdf Info: Source file: <figuras/pre-processamento.eps>
(epstopdf)                    date: 2014-09-08 22:53:12
(epstopdf)                    size: 107561 bytes
(epstopdf)             Output file: <figuras/pre-processamento-eps-converted-to
.pdf>
(epstopdf)                    date: 2014-09-08 23:06:29
(epstopdf)                    size: 21725 bytes
(epstopdf)             Command: <epstopdf --outfile=figuras/pre-processamento-e
ps-converted-to.pdf figuras/pre-processamento.eps>
(epstopdf)             \includegraphics on input line 226.
Package epstopdf Info: Output file is already uptodate.

<figuras/pre-processamento-eps-converted-to.pdf, id=897, 599.23875pt x 200.75pt
>
File: figuras/pre-processamento-eps-converted-to.pdf Graphic file (type pdf)
 <use figuras/pre-processamento-eps-converted-to.pdf>
Package pdftex.def Info: figuras/pre-processamento-eps-converted-to.pdf used on
 input line 226.
(pdftex.def)             Requested size: 455.24411pt x 152.51337pt.
 [43 <./figuras/tokenizacao-eps-converted-to.pdf>]
Package epstopdf Info: Source file: <figuras/dicionario-termos.eps>
(epstopdf)                    date: 2014-09-08 22:57:30
(epstopdf)                    size: 88941 bytes
(epstopdf)             Output file: <figuras/dicionario-termos-eps-converted-to
.pdf>
(epstopdf)                    date: 2014-09-08 23:06:29
(epstopdf)                    size: 17438 bytes
(epstopdf)             Command: <epstopdf --outfile=figuras/dicionario-termos-e
ps-converted-to.pdf figuras/dicionario-termos.eps>
(epstopdf)             \includegraphics on input line 239.
Package epstopdf Info: Output file is already uptodate.

<figuras/dicionario-termos-eps-converted-to.pdf, id=919, 649.42625pt x 243.9112
5pt>
File: figuras/dicionario-termos-eps-converted-to.pdf Graphic file (type pdf)
 <use figuras/dicionario-termos-eps-converted-to.pdf>
Package pdftex.def Info: figuras/dicionario-termos-eps-converted-to.pdf used on
 input line 239.
(pdftex.def)             Requested size: 455.24411pt x 170.98233pt.
 [44 <./figuras/pre-processamento-eps-converted-to.pdf> <./figuras/dicionario-t
ermos-eps-converted-to.pdf>]
Package epstopdf Info: Source file: <figuras/vetor-caracteristicas.eps>
(epstopdf)                    date: 2014-09-08 23:06:16
(epstopdf)                    size: 110287 bytes
(epstopdf)             Output file: <figuras/vetor-caracteristicas-eps-converte
d-to.pdf>
(epstopdf)                    date: 2014-09-08 23:06:31
(epstopdf)                    size: 22642 bytes
(epstopdf)             Command: <epstopdf --outfile=figuras/vetor-caracteristic
as-eps-converted-to.pdf figuras/vetor-caracteristicas.eps>
(epstopdf)             \includegraphics on input line 250.
Package epstopdf Info: Output file is already uptodate.

<figuras/vetor-caracteristicas-eps-converted-to.pdf, id=955, 745.78625pt x 303.
1325pt>
File: figuras/vetor-caracteristicas-eps-converted-to.pdf Graphic file (type pdf
)
 <use figuras/vetor-caracteristicas-eps-converted-to.pdf>
Package pdftex.def Info: figuras/vetor-caracteristicas-eps-converted-to.pdf use
d on input line 250.
(pdftex.def)             Requested size: 455.24411pt x 185.03543pt.
 [45 <./figuras/vetor-caracteristicas-eps-converted-to.pdf>]
Package epstopdf Info: Source file: <figuras/extracao-localizacao.eps>
(epstopdf)                    date: 2014-09-21 12:01:17
(epstopdf)                    size: 234247 bytes
(epstopdf)             Output file: <figuras/extracao-localizacao-eps-converted
-to.pdf>
(epstopdf)                    date: 2014-09-21 12:01:39
(epstopdf)                    size: 42720 bytes
(epstopdf)             Command: <epstopdf --outfile=figuras/extracao-localizaca
o-eps-converted-to.pdf figuras/extracao-localizacao.eps>
(epstopdf)             \includegraphics on input line 271.
Package epstopdf Info: Output file is already uptodate.

<figuras/extracao-localizacao-eps-converted-to.pdf, id=978, 634.37pt x 602.25pt
>
File: figuras/extracao-localizacao-eps-converted-to.pdf Graphic file (type pdf)

 <use figuras/extracao-localizacao-eps-converted-to.pdf>
Package pdftex.def Info: figuras/extracao-localizacao-eps-converted-to.pdf used
 on input line 271.
(pdftex.def)             Requested size: 455.24411pt x 432.20447pt.
) [46] [47 <./figuras/extracao-localizacao-eps-converted-to.pdf>]
\openout2 = `tex/4-classificacao.aux'.

 (./tex/4-classificacao.tex
Cap\'{\i }tulo 4.
[48



] [49] <figuras/representacao-doc.pdf, id=1019, 406.51875pt x 345.29pt>
File: figuras/representacao-doc.pdf Graphic file (type pdf)

<use figuras/representacao-doc.pdf>
Package pdftex.def Info: figuras/representacao-doc.pdf used on input line 33.
(pdftex.def)             Requested size: 273.14923pt x 232.01747pt.
 [50 <./figuras/representacao-doc.pdf>]
<figuras/svm-plans.pdf, id=1041, 688.5725pt x 428.60126pt>
File: figuras/svm-plans.pdf Graphic file (type pdf)

<use figuras/svm-plans.pdf>
Package pdftex.def Info: figuras/svm-plans.pdf used on input line 70.
(pdftex.def)             Requested size: 273.14923pt x 170.0183pt.
 [51 <./figuras/svm-plans.pdf>]
<figuras/svm-plans-2.pdf, id=1068, 873.2625pt x 562.1pt>
File: figuras/svm-plans-2.pdf Graphic file (type pdf)

<use figuras/svm-plans-2.pdf>
Package pdftex.def Info: figuras/svm-plans-2.pdf used on input line 89.
(pdftex.def)             Requested size: 364.19667pt x 234.42503pt.
 [52 <./figuras/svm-plans-2.pdf>]
<figuras/svm-regions-2.pdf, id=1101, 873.2625pt x 562.1pt>
File: figuras/svm-regions-2.pdf Graphic file (type pdf)

<use figuras/svm-regions-2.pdf>
Package pdftex.def Info: figuras/svm-regions-2.pdf used on input line 128.
(pdftex.def)             Requested size: 318.66948pt x 205.11761pt.

<figuras/svm-soft-margin.pdf, id=1102, 673.51625pt x 213.79875pt>
File: figuras/svm-soft-margin.pdf Graphic file (type pdf)

<use figuras/svm-soft-margin.pdf>
Package pdftex.def Info: figuras/svm-soft-margin.pdf used on input line 137.
(pdftex.def)             Requested size: 318.66948pt x 101.15746pt.
 [53 <./figuras/svm-regions-2.pdf>]
<figuras/svm-epsilons.pdf, id=1136, 873.2625pt x 562.1pt>
File: figuras/svm-epsilons.pdf Graphic file (type pdf)

<use figuras/svm-epsilons.pdf>
Package pdftex.def Info: figuras/svm-epsilons.pdf used on input line 163.
(pdftex.def)             Requested size: 364.19667pt x 234.42503pt.
 [54 <./figuras/svm-soft-margin.pdf>]
Package epstopdf Info: Source file: <figuras/svm-kernel.eps>
(epstopdf)                    date: 2014-08-11 19:42:34
(epstopdf)                    size: 1427979 bytes
(epstopdf)             Output file: <figuras/svm-kernel-eps-converted-to.pdf>
(epstopdf)                    date: 2014-08-11 19:42:40
(epstopdf)                    size: 56610 bytes
(epstopdf)             Command: <epstopdf --outfile=figuras/svm-kernel-eps-conv
erted-to.pdf figuras/svm-kernel.eps>
(epstopdf)             \includegraphics on input line 188.
Package epstopdf Info: Output file is already uptodate.

<figuras/svm-kernel-eps-converted-to.pdf, id=1166, 784.9325pt x 351.3125pt>
File: figuras/svm-kernel-eps-converted-to.pdf Graphic file (type pdf)

<use figuras/svm-kernel-eps-converted-to.pdf>
Package pdftex.def Info: figuras/svm-kernel-eps-converted-to.pdf used on input 
line 188.
(pdftex.def)             Requested size: 409.71692pt x 183.38042pt.
 [55 <./figuras/svm-epsilons.pdf>] [56 <./figuras/svm-kernel-eps-converted-to.p
df>]
Package epstopdf Info: Source file: <figuras/inducao-aprendizado-supervisionado
.eps>
(epstopdf)                    date: 2014-08-19 19:58:58
(epstopdf)                    size: 93893 bytes
(epstopdf)             Output file: <figuras/inducao-aprendizado-supervisionado
-eps-converted-to.pdf>
(epstopdf)                    date: 2014-08-19 19:59:06
(epstopdf)                    size: 18609 bytes
(epstopdf)             Command: <epstopdf --outfile=figuras/inducao-aprendizado
-supervisionado-eps-converted-to.pdf figuras/inducao-aprendizado-supervisionado
.eps>
(epstopdf)             \includegraphics on input line 213.
Package epstopdf Info: Output file is already uptodate.

<figuras/inducao-aprendizado-supervisionado-eps-converted-to.pdf, id=1219, 625.
33624pt x 213.79875pt>
File: figuras/inducao-aprendizado-supervisionado-eps-converted-to.pdf Graphic f
ile (type pdf)

<use figuras/inducao-aprendizado-supervisionado-eps-converted-to.pdf>
Package pdftex.def Info: figuras/inducao-aprendizado-supervisionado-eps-convert
ed-to.pdf used on input line 213.
(pdftex.def)             Requested size: 364.19667pt x 124.5188pt.

Underfull \hbox (badness 10000) in paragraph at lines 230--230
[]\OT1/cmr/m/n/12 ``manifesta^^Xc~ao agora na rua Rio
 []


Underfull \hbox (badness 2253) in paragraph at lines 233--233
[]\OT1/cmr/m/n/12 ``MANIFESTA[][]AO: es-tu-dan-tes blo-
 []

[57 <./figuras/inducao-aprendizado-supervisionado-eps-converted-to.pdf>]
[58]) [59]
\openout2 = `tex/5-implementacao.aux'.

 (./tex/5-implementacao.tex
Cap\'{\i }tulo 5.
[60



] [61] (/usr/local/texlive/2012/texmf-dist/tex/latex/base/utf8.def
File: utf8.def 2008/04/05 v1.1m UTF-8 support for inputenc
)
(/usr/local/texlive/2012/texmf-dist/tex/latex/base/utf8.def
File: utf8.def 2008/04/05 v1.1m UTF-8 support for inputenc
)
(/usr/local/texlive/2012/texmf-dist/tex/latex/base/utf8.def
File: utf8.def 2008/04/05 v1.1m UTF-8 support for inputenc
) [62]
(/usr/local/texlive/2012/texmf-dist/tex/latex/base/utf8.def
File: utf8.def 2008/04/05 v1.1m UTF-8 support for inputenc
) [63]
(/usr/local/texlive/2012/texmf-dist/tex/latex/base/utf8.def
File: utf8.def 2008/04/05 v1.1m UTF-8 support for inputenc
)
(/usr/local/texlive/2012/texmf-dist/tex/latex/base/utf8.def
File: utf8.def 2008/04/05 v1.1m UTF-8 support for inputenc
) [64]
Underfull \hbox (badness 10000) in paragraph at lines 121--121
[]\OT1/cmr/bx/n/12 Localiza.
 []


Overfull \hbox (0.92195pt too wide) in paragraph at lines 122--122
[]\OT1/cmr/m/n/12 49744
 []


Overfull \hbox (0.92195pt too wide) in paragraph at lines 122--122
\OT1/cmr/m/n/12 40914
 []


Overfull \hbox (0.92195pt too wide) in paragraph at lines 122--122
\OT1/cmr/m/n/12 21286
 []


Underfull \hbox (badness 10000) in paragraph at lines 122--122
[]\OT1/cmr/m/n/12 2014-
 []


Underfull \hbox (badness 10000) in paragraph at lines 122--122
\OT1/cmr/m/n/12 08-07
 []


Underfull \hbox (badness 5741) in paragraph at lines 122--122
[]\OT1/cmr/m/n/12 Aumento da pas-sa-
 []


Underfull \hbox (badness 10000) in paragraph at lines 122--122
[]\OT1/cmr/m/n/12 -15.850
 []


Underfull \hbox (badness 10000) in paragraph at lines 122--122
[]\OT1/cmr/m/n/12 -47.944
 []


Overfull \hbox (0.92195pt too wide) in paragraph at lines 123--123
[]\OT1/cmr/m/n/12 49743
 []


Overfull \hbox (0.92195pt too wide) in paragraph at lines 123--123
\OT1/cmr/m/n/12 91868
 []


Overfull \hbox (0.92195pt too wide) in paragraph at lines 123--123
\OT1/cmr/m/n/12 07685
 []


Underfull \hbox (badness 10000) in paragraph at lines 123--123
[]\OT1/cmr/m/n/12 2014-
 []


Underfull \hbox (badness 10000) in paragraph at lines 123--123
\OT1/cmr/m/n/12 08-07
 []


Underfull \hbox (badness 10000) in paragraph at lines 123--123
[]\OT1/cmr/m/n/12 -21.167
 []


Underfull \hbox (badness 10000) in paragraph at lines 123--123
[]\OT1/cmr/m/n/12 -41.331
 []


Underfull \hbox (badness 10000) in paragraph at lines 123--123
[]\OT1/cmr/m/n/12 Rio de
 []


Underfull \hbox (badness 10000) in paragraph at lines 123--123
\OT1/cmr/m/n/12 Ja-neiro -
 []

Package epstopdf Info: Source file: <figuras/conversao-modelo-espaco.eps>
(epstopdf)                    date: 2014-09-16 20:58:43
(epstopdf)                    size: 83619 bytes
(epstopdf)             Output file: <figuras/conversao-modelo-espaco-eps-conver
ted-to.pdf>
(epstopdf)                    date: 2014-09-16 21:34:03
(epstopdf)                    size: 15627 bytes
(epstopdf)             Command: <epstopdf --outfile=figuras/conversao-modelo-es
paco-eps-converted-to.pdf figuras/conversao-modelo-espaco.eps>
(epstopdf)             \includegraphics on input line 137.
Package epstopdf Info: Output file is already uptodate.

<figuras/conversao-modelo-espaco-eps-converted-to.pdf, id=1342, 762.85pt x 379.
4175pt>
File: figuras/conversao-modelo-espaco-eps-converted-to.pdf Graphic file (type p
df)
 <use figuras/conversao-modelo-espaco-eps-converted-to.pdf>
Package pdftex.def Info: figuras/conversao-modelo-espaco-eps-converted-to.pdf u
sed on input line 137.
(pdftex.def)             Requested size: 455.24411pt x 226.42488pt.
 [65]
(/usr/local/texlive/2012/texmf-dist/tex/latex/base/utf8.def
File: utf8.def 2008/04/05 v1.1m UTF-8 support for inputenc
)
LaTeX Font Info:    Try loading font information for OMS+cmr on input line 156.


(/usr/local/texlive/2012/texmf-dist/tex/latex/base/omscmr.fd
File: omscmr.fd 1999/05/25 v2.5h Standard LaTeX font definitions
)
LaTeX Font Info:    Font shape `OMS/cmr/bx/n' in size <12> not available
(Font)              Font shape `OMS/cmsy/b/n' tried instead on input line 156.
 [66 <./figuras/conversao-modelo-espaco-eps-converted-to.pdf>]
(/usr/local/texlive/2012/texmf-dist/tex/latex/base/utf8.def
File: utf8.def 2008/04/05 v1.1m UTF-8 support for inputenc
)
Package epstopdf Info: Source file: <figuras/criacao-regexp.eps>
(epstopdf)                    date: 2014-09-16 21:33:07
(epstopdf)                    size: 121611 bytes
(epstopdf)             Output file: <figuras/criacao-regexp-eps-converted-to.pd
f>
(epstopdf)                    date: 2014-09-16 21:34:05
(epstopdf)                    size: 25967 bytes
(epstopdf)             Command: <epstopdf --outfile=figuras/criacao-regexp-eps-
converted-to.pdf figuras/criacao-regexp.eps>
(epstopdf)             \includegraphics on input line 173.
Package epstopdf Info: Output file is already uptodate.

<figuras/criacao-regexp-eps-converted-to.pdf, id=1368, 638.385pt x 486.81876pt>
File: figuras/criacao-regexp-eps-converted-to.pdf Graphic file (type pdf)
<use figuras/criacao-regexp-eps-converted-to.pdf>
Package pdftex.def Info: figuras/criacao-regexp-eps-converted-to.pdf used on in
put line 173.
(pdftex.def)             Requested size: 409.71692pt x 312.43947pt.
 [67 <./figuras/criacao-regexp-eps-converted-to.pdf>]
(/usr/local/texlive/2012/texmf-dist/tex/latex/base/utf8.def
File: utf8.def 2008/04/05 v1.1m UTF-8 support for inputenc
)
(/usr/local/texlive/2012/texmf-dist/tex/latex/base/utf8.def
File: utf8.def 2008/04/05 v1.1m UTF-8 support for inputenc
) [68]
(/usr/local/texlive/2012/texmf-dist/tex/latex/base/utf8.def
File: utf8.def 2008/04/05 v1.1m UTF-8 support for inputenc
) [69]
(/usr/local/texlive/2012/texmf-dist/tex/latex/base/utf8.def
File: utf8.def 2008/04/05 v1.1m UTF-8 support for inputenc
)
(/usr/local/texlive/2012/texmf-dist/tex/latex/base/utf8.def
File: utf8.def 2008/04/05 v1.1m UTF-8 support for inputenc
) [70]
(/usr/local/texlive/2012/texmf-dist/tex/latex/base/utf8.def
File: utf8.def 2008/04/05 v1.1m UTF-8 support for inputenc
) [71]
(/usr/local/texlive/2012/texmf-dist/tex/latex/base/utf8.def
File: utf8.def 2008/04/05 v1.1m UTF-8 support for inputenc
)
Overfull \hbox (0.98312pt too wide) in paragraph at lines 301--302
\OT1/cmr/m/n/12 Para o trei-na-mento do SVM, s~ao uti-li-za-das as clas-ses cri
-a-das pela in-ter-face com o LIBSVM,
 []

(/usr/local/texlive/2012/texmf-dist/tex/latex/base/utf8.def
File: utf8.def 2008/04/05 v1.1m UTF-8 support for inputenc
) [72]
(/usr/local/texlive/2012/texmf-dist/tex/latex/base/utf8.def
File: utf8.def 2008/04/05 v1.1m UTF-8 support for inputenc
) [73]
(/usr/local/texlive/2012/texmf-dist/tex/latex/base/utf8.def
File: utf8.def 2008/04/05 v1.1m UTF-8 support for inputenc
)
Package epstopdf Info: Source file: <figuras/svm-extracaowb.eps>
(epstopdf)                    date: 2014-09-17 21:34:37
(epstopdf)                    size: 56542 bytes
(epstopdf)             Output file: <figuras/svm-extracaowb-eps-converted-to.pd
f>
(epstopdf)                    date: 2014-09-17 21:36:08
(epstopdf)                    size: 16287 bytes
(epstopdf)             Command: <epstopdf --outfile=figuras/svm-extracaowb-eps-
converted-to.pdf figuras/svm-extracaowb.eps>
(epstopdf)             \includegraphics on input line 393.
Package epstopdf Info: Output file is already uptodate.

<figuras/svm-extracaowb-eps-converted-to.pdf, id=1518, 184.69pt x 272.01625pt>
File: figuras/svm-extracaowb-eps-converted-to.pdf Graphic file (type pdf)

<use figuras/svm-extracaowb-eps-converted-to.pdf>
Package pdftex.def Info: figuras/svm-extracaowb-eps-converted-to.pdf used on in
put line 393.
(pdftex.def)             Requested size: 113.81102pt x 167.62312pt.

(/usr/local/texlive/2012/texmf-dist/tex/latex/base/utf8.def
File: utf8.def 2008/04/05 v1.1m UTF-8 support for inputenc
) [74] [75 <./figuras/svm-extracaowb-eps-converted-to.pdf>]
Package epstopdf Info: Source file: <figuras/svm-testexiyi.eps>
(epstopdf)                    date: 2014-09-17 22:12:05
(epstopdf)                    size: 55623 bytes
(epstopdf)             Output file: <figuras/svm-testexiyi-eps-converted-to.pdf
>
(epstopdf)                    date: 2014-09-17 22:12:51
(epstopdf)                    size: 16258 bytes
(epstopdf)             Command: <epstopdf --outfile=figuras/svm-testexiyi-eps-c
onverted-to.pdf figuras/svm-testexiyi.eps>
(epstopdf)             \includegraphics on input line 427.
Package epstopdf Info: Output file is already uptodate.

<figuras/svm-testexiyi-eps-converted-to.pdf, id=1578, 184.69pt x 265.99374pt>
File: figuras/svm-testexiyi-eps-converted-to.pdf Graphic file (type pdf)

<use figuras/svm-testexiyi-eps-converted-to.pdf>
Package pdftex.def Info: figuras/svm-testexiyi-eps-converted-to.pdf used on inp
ut line 427.
(pdftex.def)             Requested size: 113.81102pt x 163.9119pt.

(/usr/local/texlive/2012/texmf-dist/tex/latex/base/utf8.def
File: utf8.def 2008/04/05 v1.1m UTF-8 support for inputenc
) [76 <./figuras/svm-testexiyi-eps-converted-to.pdf>]
(/usr/local/texlive/2012/texmf-dist/tex/latex/base/utf8.def
File: utf8.def 2008/04/05 v1.1m UTF-8 support for inputenc
) [77] [78] [79]
<figuras/grafico-mes.pdf, id=1659, 1197.47375pt x 555.07375pt>
File: figuras/grafico-mes.pdf Graphic file (type pdf)

<use figuras/grafico-mes.pdf>
Package pdftex.def Info: figuras/grafico-mes.pdf used on input line 540.
(pdftex.def)             Requested size: 455.24411pt x 211.01491pt.

<figuras/grafico-dia.pdf, id=1660, 1193.45876pt x 555.07375pt>
File: figuras/grafico-dia.pdf Graphic file (type pdf)

<use figuras/grafico-dia.pdf>
Package pdftex.def Info: figuras/grafico-dia.pdf used on input line 551.
(pdftex.def)             Requested size: 455.24411pt x 211.73483pt.
 [80 <./figuras/grafico-mes.pdf>] [81 <./figuras/grafico-dia.pdf>]
<figuras/mapa-marcador.pdf, id=1694, 679.53876pt x 541.02126pt>
File: figuras/mapa-marcador.pdf Graphic file (type pdf)

<use figuras/mapa-marcador.pdf>
Package pdftex.def Info: figuras/mapa-marcador.pdf used on input line 582.
(pdftex.def)             Requested size: 364.19667pt x 289.95946pt.

<figuras/mapa-marcador-2.pdf, id=1695, 872.25874pt x 438.63875pt>
File: figuras/mapa-marcador-2.pdf Graphic file (type pdf)

<use figuras/mapa-marcador-2.pdf>
Package pdftex.def Info: figuras/mapa-marcador-2.pdf used on input line 593.
(pdftex.def)             Requested size: 455.24411pt x 228.93008pt.
 [82 <./figuras/mapa-marcador.pdf>]
<figuras/mapa-marcador-3.pdf, id=1710, 872.25874pt x 438.63875pt>
File: figuras/mapa-marcador-3.pdf Graphic file (type pdf)

<use figuras/mapa-marcador-3.pdf>
Package pdftex.def Info: figuras/mapa-marcador-3.pdf used on input line 604.
(pdftex.def)             Requested size: 455.24411pt x 228.93008pt.


LaTeX Warning: `!h' float specifier changed to `!ht'.

<figuras/mapa-marcador-4.pdf, id=1711, 872.25874pt x 438.63875pt>
File: figuras/mapa-marcador-4.pdf Graphic file (type pdf)

<use figuras/mapa-marcador-4.pdf>
Package pdftex.def Info: figuras/mapa-marcador-4.pdf used on input line 613.
(pdftex.def)             Requested size: 455.24411pt x 228.93008pt.


LaTeX Warning: `!h' float specifier changed to `!ht'.

<figuras/mapa-marcador-6.pdf, id=1712, 872.25874pt x 438.63875pt>
File: figuras/mapa-marcador-6.pdf Graphic file (type pdf)

<use figuras/mapa-marcador-6.pdf>
Package pdftex.def Info: figuras/mapa-marcador-6.pdf used on input line 624.
(pdftex.def)             Requested size: 455.24411pt x 228.93008pt.


LaTeX Warning: `!h' float specifier changed to `!ht'.

[83 <./figuras/mapa-marcador-2.pdf>]
<figuras/mapa-marcador-5.pdf, id=1727, 872.25874pt x 438.63875pt>
File: figuras/mapa-marcador-5.pdf Graphic file (type pdf)

<use figuras/mapa-marcador-5.pdf>
Package pdftex.def Info: figuras/mapa-marcador-5.pdf used on input line 633.
(pdftex.def)             Requested size: 455.24411pt x 228.93008pt.


LaTeX Warning: `!h' float specifier changed to `!ht'.

<figuras/mapa-marcador-7.pdf, id=1728, 872.25874pt x 438.63875pt>
File: figuras/mapa-marcador-7.pdf Graphic file (type pdf)

<use figuras/mapa-marcador-7.pdf>
Package pdftex.def Info: figuras/mapa-marcador-7.pdf used on input line 640.
(pdftex.def)             Requested size: 455.24411pt x 228.93008pt.


LaTeX Warning: `!h' float specifier changed to `!ht'.

) [84 <./figuras/mapa-marcador-3.pdf> <./figuras/mapa-marcador-4.pdf>] [85 <./f
iguras/mapa-marcador-6.pdf> <./figuras/mapa-marcador-5.pdf>] [86 <./figuras/map
a-marcador-7.pdf>]
\openout2 = `tex/6-conclusao.aux'.

 (./tex/6-conclusao.tex
Cap\'{\i }tulo 6.
[87



]) [88]
\openout2 = `tex/7-apendice.aux'.

 (./tex/7-apendice.tex
Apendice A.

Package hyperref Warning: Token not allowed in a PDF string (PDFDocEncoding):
(hyperref)                removing `math shift' on input line 3.


Package hyperref Warning: Token not allowed in a PDF string (PDFDocEncoding):
(hyperref)                \kern -1.95872pt
(hyperref)                removed on input line 3.


Package hyperref Warning: Token not allowed in a PDF string (PDFDocEncoding):
(hyperref)                removing `math shift' on input line 3.

(/usr/local/texlive/2012/texmf-dist/tex/latex/base/utf8.def
File: utf8.def 2008/04/05 v1.1m UTF-8 support for inputenc
) [89



]
(/usr/local/texlive/2012/texmf-dist/tex/latex/base/utf8.def
File: utf8.def 2008/04/05 v1.1m UTF-8 support for inputenc
) [90] [91]
(/usr/local/texlive/2012/texmf-dist/tex/latex/base/utf8.def
File: utf8.def 2008/04/05 v1.1m UTF-8 support for inputenc
) [92]
(/usr/local/texlive/2012/texmf-dist/tex/latex/base/utf8.def
File: utf8.def 2008/04/05 v1.1m UTF-8 support for inputenc
) [93]
(/usr/local/texlive/2012/texmf-dist/tex/latex/base/utf8.def
File: utf8.def 2008/04/05 v1.1m UTF-8 support for inputenc
) [94]
(/usr/local/texlive/2012/texmf-dist/tex/latex/base/utf8.def
File: utf8.def 2008/04/05 v1.1m UTF-8 support for inputenc
)) [95]
(./monografia.bbl [96


] [97] [98])
+-------------------------------------------------------------------+
| Comentario, sugestao ou critica sobre o abnTeX? Entre em contato: |
|                  http://abntex.codigolivre.org.br                 |
+-------------------------------------------------------------------+
Package atveryend Info: Empty hook `BeforeClearDocument' on input line 193.
[99]
Package atveryend Info: Empty hook `AfterLastShipout' on input line 193.
 (./monografia.aux (./tex/0-folha_de_aprovacao.aux) (./tex/0-epigrafe.aux)
(./tex/0-agradecimentos.aux) (./tex/1-introducao.aux)
(./tex/2-deteccao_eventos.aux) (./tex/3-processo.aux)
(./tex/4-classificacao.aux) (./tex/5-implementacao.aux) (./tex/6-conclusao.aux)
(./tex/7-apendice.aux))
Package atveryend Info: Executing hook `AtVeryEndDocument' on input line 193.
Package atveryend Info: Executing hook `AtEndAfterFileList' on input line 193.
Package rerunfilecheck Info: File `monografia.out' has not changed.
(rerunfilecheck)             Checksum: E5504FB34B479EE55AB409061D553D21;3721.


LaTeX Warning: There were multiply-defined labels.

Package atveryend Info: Empty hook `AtVeryVeryEnd' on input line 193.
 ) 
Here is how much of TeX's memory you used:
 18018 strings out of 493488
 260731 string characters out of 3141326
 505708 words of memory out of 3000000
 20150 multiletter control sequences out of 15000+200000
 19148 words of font info for 71 fonts, out of 3000000 for 9000
 957 hyphenation exceptions out of 8191
 53i,14n,92p,3221b,2347s stack positions out of 5000i,500n,10000p,200000b,50000s
{/usr/local/texlive/2012/texmf-dist/fonts/enc/dvips/cm-super/cm-super-ts1.enc
}</usr/local/texlive/2012/texmf-dist/fonts/type1/public/amsfonts/cm/cmbsy10.pfb
></usr/local/texlive/2012/texmf-dist/fonts/type1/public/amsfonts/cm/cmbx10.pfb>
</usr/local/texlive/2012/texmf-dist/fonts/type1/public/amsfonts/cm/cmbx12.pfb><
/usr/local/texlive/2012/texmf-dist/fonts/type1/public/amsfonts/cm/cmbxti10.pfb>
</usr/local/texlive/2012/texmf-dist/fonts/type1/public/amsfonts/cm/cmcsc10.pfb>
</usr/local/texlive/2012/texmf-dist/fonts/type1/public/amsfonts/cm/cmex10.pfb><
/usr/local/texlive/2012/texmf-dist/fonts/type1/public/amsfonts/cm/cmmi12.pfb></
usr/local/texlive/2012/texmf-dist/fonts/type1/public/amsfonts/cm/cmmi8.pfb></us
r/local/texlive/2012/texmf-dist/fonts/type1/public/amsfonts/cm/cmmib10.pfb></us
r/local/texlive/2012/texmf-dist/fonts/type1/public/amsfonts/cmextra/cmmib8.pfb>
</usr/local/texlive/2012/texmf-dist/fonts/type1/public/amsfonts/cm/cmr10.pfb></
usr/local/texlive/2012/texmf-dist/fonts/type1/public/amsfonts/cm/cmr12.pfb></us
r/local/texlive/2012/texmf-dist/fonts/type1/public/amsfonts/cm/cmr6.pfb></usr/l
ocal/texlive/2012/texmf-dist/fonts/type1/public/amsfonts/cm/cmr7.pfb></usr/loca
l/texlive/2012/texmf-dist/fonts/type1/public/amsfonts/cm/cmr8.pfb></usr/local/t
exlive/2012/texmf-dist/fonts/type1/public/amsfonts/cm/cmsy10.pfb></usr/local/te
xlive/2012/texmf-dist/fonts/type1/public/amsfonts/cm/cmsy8.pfb></usr/local/texl
ive/2012/texmf-dist/fonts/type1/public/amsfonts/cm/cmti10.pfb></usr/local/texli
ve/2012/texmf-dist/fonts/type1/public/amsfonts/cm/cmti12.pfb></usr/local/texliv
e/2012/texmf-dist/fonts/type1/public/amsfonts/cm/cmtt10.pfb></usr/local/texlive
/2012/texmf-dist/fonts/type1/public/cm-super/sfrm1200.pfb>
Output written on monografia.pdf (103 pages, 8122742 bytes).
PDF statistics:
 2272 PDF objects out of 2487 (max. 8388607)
 1799 compressed objects within 18 object streams
 701 named destinations out of 1000 (max. 500000)
 595 words of extra memory for PDF output out of 10000 (max. 10000000)

